0 info it worked if it ends with ok
1 verbose cli [ 'C:\\Program Files\\nodejs\\node.exe',
1 verbose cli   'C:\\Users\\Andreas\\AppData\\Roaming\\npm\\node_modules\\npm\\bin\\npm-cli.js',
1 verbose cli   'install',
1 verbose cli   'r-pi-usonic',
1 verbose cli   '--save' ]
2 info using npm@3.8.7
3 info using node@v4.4.3
4 silly loadCurrentTree Starting
5 silly install loadCurrentTree
6 silly install readLocalPackageData
7 silly fetchPackageMetaData r-pi-usonic
8 silly fetchNamedPackageData r-pi-usonic
9 silly mapToRegistry name r-pi-usonic
10 silly mapToRegistry using default registry
11 silly mapToRegistry registry https://registry.npmjs.org/
12 silly mapToRegistry data Result {
12 silly mapToRegistry   raw: 'r-pi-usonic',
12 silly mapToRegistry   scope: null,
12 silly mapToRegistry   name: 'r-pi-usonic',
12 silly mapToRegistry   rawSpec: '',
12 silly mapToRegistry   spec: 'latest',
12 silly mapToRegistry   type: 'tag' }
13 silly mapToRegistry uri https://registry.npmjs.org/r-pi-usonic
14 verbose request uri https://registry.npmjs.org/r-pi-usonic
15 verbose request no auth needed
16 info attempt registry request try #1 at 15:31:32
17 verbose request id 1daa47392553ea75
18 http request GET https://registry.npmjs.org/r-pi-usonic
19 http 200 https://registry.npmjs.org/r-pi-usonic
20 verbose headers { server: 'CouchDB/1.5.0 (Erlang OTP/R16B03)',
20 verbose headers   etag: '"CLRI8B1BEB60XFTKJRU7KPFRI"',
20 verbose headers   'content-type': 'application/json',
20 verbose headers   'cache-control': 'max-age=300',
20 verbose headers   'content-length': '34980',
20 verbose headers   'accept-ranges': 'bytes',
20 verbose headers   date: 'Fri, 22 Apr 2016 13:31:37 GMT',
20 verbose headers   via: '1.1 varnish',
20 verbose headers   age: '0',
20 verbose headers   connection: 'keep-alive',
20 verbose headers   'x-served-by': 'cache-ams4137-AMS',
20 verbose headers   'x-cache': 'HIT',
20 verbose headers   'x-cache-hits': '1',
20 verbose headers   'x-timer': 'S1461331897.531590,VS0,VE171',
20 verbose headers   vary: 'Accept-Encoding' }
21 silly get cb [ 200,
21 silly get   { server: 'CouchDB/1.5.0 (Erlang OTP/R16B03)',
21 silly get     etag: '"CLRI8B1BEB60XFTKJRU7KPFRI"',
21 silly get     'content-type': 'application/json',
21 silly get     'cache-control': 'max-age=300',
21 silly get     'content-length': '34980',
21 silly get     'accept-ranges': 'bytes',
21 silly get     date: 'Fri, 22 Apr 2016 13:31:37 GMT',
21 silly get     via: '1.1 varnish',
21 silly get     age: '0',
21 silly get     connection: 'keep-alive',
21 silly get     'x-served-by': 'cache-ams4137-AMS',
21 silly get     'x-cache': 'HIT',
21 silly get     'x-cache-hits': '1',
21 silly get     'x-timer': 'S1461331897.531590,VS0,VE171',
21 silly get     vary: 'Accept-Encoding' } ]
22 verbose get saving r-pi-usonic to C:\Users\Andreas\AppData\Roaming\npm-cache\registry.npmjs.org\r-pi-usonic\.cache.json
23 verbose correctMkdir C:\Users\Andreas\AppData\Roaming\npm-cache correctMkdir not in flight; initializing
24 verbose makeDirectory C:\Users\Andreas\AppData\Roaming\npm-cache creation not in flight; initializing
25 verbose makeCacheDir UID & GID are irrelevant on win32
26 silly install normalizeTree
27 silly loadCurrentTree Finishing
28 silly loadIdealTree Starting
29 silly install loadIdealTree
30 silly cloneCurrentTree Starting
31 silly install cloneCurrentTreeToIdealTree
32 silly cloneCurrentTree Finishing
33 silly loadShrinkwrap Starting
34 silly install loadShrinkwrap
35 silly loadShrinkwrap Finishing
36 silly loadAllDepsIntoIdealTree Starting
37 silly install loadAllDepsIntoIdealTree
38 silly resolveWithNewModule r-pi-usonic@2.5.0 checking installable status
39 silly cache add args [ 'r-pi-usonic', null ]
40 verbose cache add spec r-pi-usonic
41 silly cache add parsed spec Result {
41 silly cache add   raw: 'r-pi-usonic',
41 silly cache add   scope: null,
41 silly cache add   name: 'r-pi-usonic',
41 silly cache add   rawSpec: '',
41 silly cache add   spec: 'latest',
41 silly cache add   type: 'tag' }
42 silly addNamed r-pi-usonic@latest
43 verbose addNamed "latest" is being treated as a dist-tag for r-pi-usonic
44 info addNameTag [ 'r-pi-usonic', 'latest' ]
45 silly mapToRegistry name r-pi-usonic
46 silly mapToRegistry using default registry
47 silly mapToRegistry registry https://registry.npmjs.org/
48 silly mapToRegistry data Result {
48 silly mapToRegistry   raw: 'r-pi-usonic',
48 silly mapToRegistry   scope: null,
48 silly mapToRegistry   name: 'r-pi-usonic',
48 silly mapToRegistry   rawSpec: '',
48 silly mapToRegistry   spec: 'latest',
48 silly mapToRegistry   type: 'tag' }
49 silly mapToRegistry uri https://registry.npmjs.org/r-pi-usonic
50 verbose addNameTag registry:https://registry.npmjs.org/r-pi-usonic not in flight; fetching
51 verbose get https://registry.npmjs.org/r-pi-usonic not expired, no request
52 silly addNameTag next cb for r-pi-usonic with tag latest
53 silly addNamed r-pi-usonic@2.5.0
54 verbose addNamed "2.5.0" is a plain semver version for r-pi-usonic
55 warn deprecated r-pi-usonic@2.5.0: THIS PROJECT IS NO LONGER MAINTAINED by clebert
56 silly mapToRegistry name r-pi-usonic
57 silly mapToRegistry using default registry
58 silly mapToRegistry registry https://registry.npmjs.org/
59 silly mapToRegistry data Result {
59 silly mapToRegistry   raw: 'r-pi-usonic',
59 silly mapToRegistry   scope: null,
59 silly mapToRegistry   name: 'r-pi-usonic',
59 silly mapToRegistry   rawSpec: '',
59 silly mapToRegistry   spec: 'latest',
59 silly mapToRegistry   type: 'tag' }
60 silly mapToRegistry uri https://registry.npmjs.org/r-pi-usonic
61 verbose addRemoteTarball https://registry.npmjs.org/r-pi-usonic/-/r-pi-usonic-2.5.0.tgz not in flight; adding
62 verbose addRemoteTarball [ 'https://registry.npmjs.org/r-pi-usonic/-/r-pi-usonic-2.5.0.tgz',
62 verbose addRemoteTarball   '11541bda92e020253ba9739310a82c7bd665788e' ]
63 info retry fetch attempt 1 at 15:31:33
64 info attempt registry request try #1 at 15:31:33
65 http fetch GET https://registry.npmjs.org/r-pi-usonic/-/r-pi-usonic-2.5.0.tgz
66 http fetch 200 https://registry.npmjs.org/r-pi-usonic/-/r-pi-usonic-2.5.0.tgz
67 silly fetchAndShaCheck shasum 11541bda92e020253ba9739310a82c7bd665788e
68 verbose addTmpTarball C:\Users\Andreas\AppData\Local\Temp\npm-8776-fd9ab6e5\registry.npmjs.org\r-pi-usonic\-\r-pi-usonic-2.5.0.tgz not in flight; adding
69 verbose addTmpTarball already have metadata; skipping unpack for r-pi-usonic@2.5.0
70 verbose correctMkdir C:\Users\Andreas\AppData\Roaming\npm-cache correctMkdir not in flight; initializing
71 silly cache afterAdd r-pi-usonic@2.5.0
72 verbose afterAdd C:\Users\Andreas\AppData\Roaming\npm-cache\r-pi-usonic\2.5.0\package\package.json not in flight; writing
73 verbose correctMkdir C:\Users\Andreas\AppData\Roaming\npm-cache correctMkdir not in flight; initializing
74 verbose afterAdd C:\Users\Andreas\AppData\Roaming\npm-cache\r-pi-usonic\2.5.0\package\package.json written
75 silly fetchNamedPackageData expressive-assertion
76 silly mapToRegistry name expressive-assertion
77 silly mapToRegistry using default registry
78 silly mapToRegistry registry https://registry.npmjs.org/
79 silly mapToRegistry data Result {
79 silly mapToRegistry   raw: 'expressive-assertion',
79 silly mapToRegistry   scope: null,
79 silly mapToRegistry   name: 'expressive-assertion',
79 silly mapToRegistry   rawSpec: '',
79 silly mapToRegistry   spec: 'latest',
79 silly mapToRegistry   type: 'tag' }
80 silly mapToRegistry uri https://registry.npmjs.org/expressive-assertion
81 silly fetchNamedPackageData math-statistics
82 silly mapToRegistry name math-statistics
83 silly mapToRegistry using default registry
84 silly mapToRegistry registry https://registry.npmjs.org/
85 silly mapToRegistry data Result {
85 silly mapToRegistry   raw: 'math-statistics',
85 silly mapToRegistry   scope: null,
85 silly mapToRegistry   name: 'math-statistics',
85 silly mapToRegistry   rawSpec: '',
85 silly mapToRegistry   spec: 'latest',
85 silly mapToRegistry   type: 'tag' }
86 silly mapToRegistry uri https://registry.npmjs.org/math-statistics
87 silly fetchNamedPackageData nan
88 silly mapToRegistry name nan
89 silly mapToRegistry using default registry
90 silly mapToRegistry registry https://registry.npmjs.org/
91 silly mapToRegistry data Result {
91 silly mapToRegistry   raw: 'nan',
91 silly mapToRegistry   scope: null,
91 silly mapToRegistry   name: 'nan',
91 silly mapToRegistry   rawSpec: '',
91 silly mapToRegistry   spec: 'latest',
91 silly mapToRegistry   type: 'tag' }
92 silly mapToRegistry uri https://registry.npmjs.org/nan
93 silly fetchNamedPackageData r-pi-gpio
94 silly mapToRegistry name r-pi-gpio
95 silly mapToRegistry using default registry
96 silly mapToRegistry registry https://registry.npmjs.org/
97 silly mapToRegistry data Result {
97 silly mapToRegistry   raw: 'r-pi-gpio',
97 silly mapToRegistry   scope: null,
97 silly mapToRegistry   name: 'r-pi-gpio',
97 silly mapToRegistry   rawSpec: '',
97 silly mapToRegistry   spec: 'latest',
97 silly mapToRegistry   type: 'tag' }
98 silly mapToRegistry uri https://registry.npmjs.org/r-pi-gpio
99 silly fetchNamedPackageData typesystem
100 silly mapToRegistry name typesystem
101 silly mapToRegistry using default registry
102 silly mapToRegistry registry https://registry.npmjs.org/
103 silly mapToRegistry data Result {
103 silly mapToRegistry   raw: 'typesystem',
103 silly mapToRegistry   scope: null,
103 silly mapToRegistry   name: 'typesystem',
103 silly mapToRegistry   rawSpec: '',
103 silly mapToRegistry   spec: 'latest',
103 silly mapToRegistry   type: 'tag' }
104 silly mapToRegistry uri https://registry.npmjs.org/typesystem
105 verbose request uri https://registry.npmjs.org/expressive-assertion
106 verbose request no auth needed
107 info attempt registry request try #1 at 15:31:34
108 http request GET https://registry.npmjs.org/expressive-assertion
109 verbose request uri https://registry.npmjs.org/math-statistics
110 verbose request no auth needed
111 info attempt registry request try #1 at 15:31:34
112 http request GET https://registry.npmjs.org/math-statistics
113 verbose request uri https://registry.npmjs.org/nan
114 verbose request no auth needed
115 info attempt registry request try #1 at 15:31:34
116 http request GET https://registry.npmjs.org/nan
117 verbose request uri https://registry.npmjs.org/r-pi-gpio
118 verbose request no auth needed
119 info attempt registry request try #1 at 15:31:34
120 http request GET https://registry.npmjs.org/r-pi-gpio
121 verbose request uri https://registry.npmjs.org/typesystem
122 verbose request no auth needed
123 info attempt registry request try #1 at 15:31:34
124 http request GET https://registry.npmjs.org/typesystem
125 http 200 https://registry.npmjs.org/nan
126 verbose headers { server: 'CouchDB/1.5.0 (Erlang OTP/R16B03)',
126 verbose headers   etag: '"BAF0CH6FX7ZGID84VMUQ15OTR"',
126 verbose headers   'content-type': 'application/json',
126 verbose headers   'content-encoding': 'gzip',
126 verbose headers   'cache-control': 'max-age=300',
126 verbose headers   'content-length': '7941',
126 verbose headers   'accept-ranges': 'bytes',
126 verbose headers   date: 'Fri, 22 Apr 2016 13:31:39 GMT',
126 verbose headers   via: '1.1 varnish',
126 verbose headers   age: '258',
126 verbose headers   connection: 'keep-alive',
126 verbose headers   'x-served-by': 'cache-ams4124-AMS',
126 verbose headers   'x-cache': 'HIT',
126 verbose headers   'x-cache-hits': '12',
126 verbose headers   'x-timer': 'S1461331899.689240,VS0,VE0',
126 verbose headers   vary: 'Accept-Encoding' }
127 silly get cb [ 200,
127 silly get   { server: 'CouchDB/1.5.0 (Erlang OTP/R16B03)',
127 silly get     etag: '"BAF0CH6FX7ZGID84VMUQ15OTR"',
127 silly get     'content-type': 'application/json',
127 silly get     'content-encoding': 'gzip',
127 silly get     'cache-control': 'max-age=300',
127 silly get     'content-length': '7941',
127 silly get     'accept-ranges': 'bytes',
127 silly get     date: 'Fri, 22 Apr 2016 13:31:39 GMT',
127 silly get     via: '1.1 varnish',
127 silly get     age: '258',
127 silly get     connection: 'keep-alive',
127 silly get     'x-served-by': 'cache-ams4124-AMS',
127 silly get     'x-cache': 'HIT',
127 silly get     'x-cache-hits': '12',
127 silly get     'x-timer': 'S1461331899.689240,VS0,VE0',
127 silly get     vary: 'Accept-Encoding' } ]
128 verbose get saving nan to C:\Users\Andreas\AppData\Roaming\npm-cache\registry.npmjs.org\nan\.cache.json
129 verbose correctMkdir C:\Users\Andreas\AppData\Roaming\npm-cache correctMkdir not in flight; initializing
130 silly resolveWithNewModule nan@2.0.9 checking installable status
131 silly cache add args [ 'nan@~2.0.8', null ]
132 verbose cache add spec nan@~2.0.8
133 silly cache add parsed spec Result {
133 silly cache add   raw: 'nan@~2.0.8',
133 silly cache add   scope: null,
133 silly cache add   name: 'nan',
133 silly cache add   rawSpec: '~2.0.8',
133 silly cache add   spec: '>=2.0.8 <2.1.0',
133 silly cache add   type: 'range' }
134 silly addNamed nan@>=2.0.8 <2.1.0
135 verbose addNamed ">=2.0.8 <2.1.0" is a valid semver range for nan
136 silly addNameRange { name: 'nan', range: '>=2.0.8 <2.1.0', hasData: false }
137 silly mapToRegistry name nan
138 silly mapToRegistry using default registry
139 silly mapToRegistry registry https://registry.npmjs.org/
140 silly mapToRegistry data Result {
140 silly mapToRegistry   raw: 'nan',
140 silly mapToRegistry   scope: null,
140 silly mapToRegistry   name: 'nan',
140 silly mapToRegistry   rawSpec: '',
140 silly mapToRegistry   spec: 'latest',
140 silly mapToRegistry   type: 'tag' }
141 silly mapToRegistry uri https://registry.npmjs.org/nan
142 verbose addNameRange registry:https://registry.npmjs.org/nan not in flight; fetching
143 verbose get https://registry.npmjs.org/nan not expired, no request
144 silly addNameRange number 2 { name: 'nan', range: '>=2.0.8 <2.1.0', hasData: true }
145 silly addNameRange versions [ 'nan',
145 silly addNameRange   [ '0.3.0-wip',
145 silly addNameRange     '0.3.0-wip2',
145 silly addNameRange     '0.3.0',
145 silly addNameRange     '0.3.1',
145 silly addNameRange     '0.3.2',
145 silly addNameRange     '0.4.0',
145 silly addNameRange     '0.4.1',
145 silly addNameRange     '0.4.2',
145 silly addNameRange     '0.4.3',
145 silly addNameRange     '0.4.4',
145 silly addNameRange     '0.5.0',
145 silly addNameRange     '0.5.1',
145 silly addNameRange     '0.5.2',
145 silly addNameRange     '0.6.0',
145 silly addNameRange     '0.7.0',
145 silly addNameRange     '0.7.1',
145 silly addNameRange     '0.8.0',
145 silly addNameRange     '1.0.0',
145 silly addNameRange     '1.1.0',
145 silly addNameRange     '1.1.1',
145 silly addNameRange     '1.1.2',
145 silly addNameRange     '1.2.0',
145 silly addNameRange     '1.3.0',
145 silly addNameRange     '1.4.0',
145 silly addNameRange     '1.4.1',
145 silly addNameRange     '1.5.0',
145 silly addNameRange     '1.4.2',
145 silly addNameRange     '1.4.3',
145 silly addNameRange     '1.5.1',
145 silly addNameRange     '1.5.2',
145 silly addNameRange     '1.6.0',
145 silly addNameRange     '1.5.3',
145 silly addNameRange     '1.6.1',
145 silly addNameRange     '1.6.2',
145 silly addNameRange     '1.7.0',
145 silly addNameRange     '1.8.0',
145 silly addNameRange     '1.8.1',
145 silly addNameRange     '1.8.2',
145 silly addNameRange     '1.8.3',
145 silly addNameRange     '1.8.4',
145 silly addNameRange     '1.9.0',
145 silly addNameRange     '2.0.0',
145 silly addNameRange     '2.0.1',
145 silly addNameRange     '2.0.2',
145 silly addNameRange     '2.0.3',
145 silly addNameRange     '2.0.4',
145 silly addNameRange     '2.0.5',
145 silly addNameRange     '2.0.6',
145 silly addNameRange     '2.0.7',
145 silly addNameRange     '2.0.8',
145 silly addNameRange     '2.0.9',
145 silly addNameRange     '2.1.0',
145 silly addNameRange     '2.2.0',
145 silly addNameRange     '2.2.1' ] ]
146 silly addNamed nan@2.0.9
147 verbose addNamed "2.0.9" is a plain semver version for nan
148 silly mapToRegistry name nan
149 silly mapToRegistry using default registry
150 silly mapToRegistry registry https://registry.npmjs.org/
151 silly mapToRegistry data Result {
151 silly mapToRegistry   raw: 'nan',
151 silly mapToRegistry   scope: null,
151 silly mapToRegistry   name: 'nan',
151 silly mapToRegistry   rawSpec: '',
151 silly mapToRegistry   spec: 'latest',
151 silly mapToRegistry   type: 'tag' }
152 silly mapToRegistry uri https://registry.npmjs.org/nan
153 verbose addRemoteTarball https://registry.npmjs.org/nan/-/nan-2.0.9.tgz not in flight; adding
154 verbose addRemoteTarball [ 'https://registry.npmjs.org/nan/-/nan-2.0.9.tgz',
154 verbose addRemoteTarball   'd02a770f46778842cceb94e17cab31ffc7234a05' ]
155 info retry fetch attempt 1 at 15:31:34
156 info attempt registry request try #1 at 15:31:34
157 http fetch GET https://registry.npmjs.org/nan/-/nan-2.0.9.tgz
158 http 200 https://registry.npmjs.org/math-statistics
159 verbose headers { server: 'CouchDB/1.5.0 (Erlang OTP/R16B03)',
159 verbose headers   etag: '"4XP0G18O7M8Q35KUMGT1YXLHM"',
159 verbose headers   'content-type': 'application/json',
159 verbose headers   'cache-control': 'max-age=300',
159 verbose headers   'content-length': '20012',
159 verbose headers   'accept-ranges': 'bytes',
159 verbose headers   date: 'Fri, 22 Apr 2016 13:31:39 GMT',
159 verbose headers   via: '1.1 varnish',
159 verbose headers   age: '0',
159 verbose headers   connection: 'keep-alive',
159 verbose headers   'x-served-by': 'cache-ams4124-AMS',
159 verbose headers   'x-cache': 'MISS',
159 verbose headers   'x-cache-hits': '0',
159 verbose headers   'x-timer': 'S1461331899.687261,VS0,VE106',
159 verbose headers   vary: 'Accept-Encoding' }
160 silly get cb [ 200,
160 silly get   { server: 'CouchDB/1.5.0 (Erlang OTP/R16B03)',
160 silly get     etag: '"4XP0G18O7M8Q35KUMGT1YXLHM"',
160 silly get     'content-type': 'application/json',
160 silly get     'cache-control': 'max-age=300',
160 silly get     'content-length': '20012',
160 silly get     'accept-ranges': 'bytes',
160 silly get     date: 'Fri, 22 Apr 2016 13:31:39 GMT',
160 silly get     via: '1.1 varnish',
160 silly get     age: '0',
160 silly get     connection: 'keep-alive',
160 silly get     'x-served-by': 'cache-ams4124-AMS',
160 silly get     'x-cache': 'MISS',
160 silly get     'x-cache-hits': '0',
160 silly get     'x-timer': 'S1461331899.687261,VS0,VE106',
160 silly get     vary: 'Accept-Encoding' } ]
161 verbose get saving math-statistics to C:\Users\Andreas\AppData\Roaming\npm-cache\registry.npmjs.org\math-statistics\.cache.json
162 verbose correctMkdir C:\Users\Andreas\AppData\Roaming\npm-cache correctMkdir not in flight; initializing
163 silly resolveWithNewModule math-statistics@1.2.0 checking installable status
164 silly cache add args [ 'math-statistics@~1.2.0', null ]
165 verbose cache add spec math-statistics@~1.2.0
166 silly cache add parsed spec Result {
166 silly cache add   raw: 'math-statistics@~1.2.0',
166 silly cache add   scope: null,
166 silly cache add   name: 'math-statistics',
166 silly cache add   rawSpec: '~1.2.0',
166 silly cache add   spec: '>=1.2.0 <1.3.0',
166 silly cache add   type: 'range' }
167 silly addNamed math-statistics@>=1.2.0 <1.3.0
168 verbose addNamed ">=1.2.0 <1.3.0" is a valid semver range for math-statistics
169 silly addNameRange { name: 'math-statistics',
169 silly addNameRange   range: '>=1.2.0 <1.3.0',
169 silly addNameRange   hasData: false }
170 silly mapToRegistry name math-statistics
171 silly mapToRegistry using default registry
172 silly mapToRegistry registry https://registry.npmjs.org/
173 silly mapToRegistry data Result {
173 silly mapToRegistry   raw: 'math-statistics',
173 silly mapToRegistry   scope: null,
173 silly mapToRegistry   name: 'math-statistics',
173 silly mapToRegistry   rawSpec: '',
173 silly mapToRegistry   spec: 'latest',
173 silly mapToRegistry   type: 'tag' }
174 silly mapToRegistry uri https://registry.npmjs.org/math-statistics
175 verbose addNameRange registry:https://registry.npmjs.org/math-statistics not in flight; fetching
176 verbose get https://registry.npmjs.org/math-statistics not expired, no request
177 silly addNameRange number 2 { name: 'math-statistics',
177 silly addNameRange   range: '>=1.2.0 <1.3.0',
177 silly addNameRange   hasData: true }
178 silly addNameRange versions [ 'math-statistics',
178 silly addNameRange   [ '0.1.0',
178 silly addNameRange     '1.0.0',
178 silly addNameRange     '1.0.1',
178 silly addNameRange     '1.0.2',
178 silly addNameRange     '1.0.3',
178 silly addNameRange     '1.1.0',
178 silly addNameRange     '1.1.1',
178 silly addNameRange     '1.1.2',
178 silly addNameRange     '1.1.3',
178 silly addNameRange     '1.2.0' ] ]
179 silly addNamed math-statistics@1.2.0
180 verbose addNamed "1.2.0" is a plain semver version for math-statistics
181 warn deprecated math-statistics@1.2.0: THIS PROJECT IS NO LONGER MAINTAINED by clebert
182 silly mapToRegistry name math-statistics
183 silly mapToRegistry using default registry
184 silly mapToRegistry registry https://registry.npmjs.org/
185 silly mapToRegistry data Result {
185 silly mapToRegistry   raw: 'math-statistics',
185 silly mapToRegistry   scope: null,
185 silly mapToRegistry   name: 'math-statistics',
185 silly mapToRegistry   rawSpec: '',
185 silly mapToRegistry   spec: 'latest',
185 silly mapToRegistry   type: 'tag' }
186 silly mapToRegistry uri https://registry.npmjs.org/math-statistics
187 verbose addRemoteTarball https://registry.npmjs.org/math-statistics/-/math-statistics-1.2.0.tgz not in flight; adding
188 verbose addRemoteTarball [ 'https://registry.npmjs.org/math-statistics/-/math-statistics-1.2.0.tgz',
188 verbose addRemoteTarball   '1d9c7c887e7094be693c31adc6988e9328f27477' ]
189 info retry fetch attempt 1 at 15:31:35
190 info attempt registry request try #1 at 15:31:35
191 http fetch GET https://registry.npmjs.org/math-statistics/-/math-statistics-1.2.0.tgz
192 http fetch 200 https://registry.npmjs.org/nan/-/nan-2.0.9.tgz
193 http fetch 200 https://registry.npmjs.org/math-statistics/-/math-statistics-1.2.0.tgz
194 silly fetchAndShaCheck shasum 1d9c7c887e7094be693c31adc6988e9328f27477
195 verbose addTmpTarball C:\Users\Andreas\AppData\Local\Temp\npm-8776-fd9ab6e5\registry.npmjs.org\math-statistics\-\math-statistics-1.2.0.tgz not in flight; adding
196 verbose addTmpTarball already have metadata; skipping unpack for math-statistics@1.2.0
197 verbose correctMkdir C:\Users\Andreas\AppData\Roaming\npm-cache correctMkdir not in flight; initializing
198 http 200 https://registry.npmjs.org/r-pi-gpio
199 verbose headers { server: 'CouchDB/1.5.0 (Erlang OTP/R16B03)',
199 verbose headers   etag: '"6CHBFBYRSBSCHE6EAE4S5JNTZ"',
199 verbose headers   'content-type': 'application/json',
199 verbose headers   'cache-control': 'max-age=300',
199 verbose headers   'content-length': '31202',
199 verbose headers   'accept-ranges': 'bytes',
199 verbose headers   date: 'Fri, 22 Apr 2016 13:31:39 GMT',
199 verbose headers   via: '1.1 varnish',
199 verbose headers   age: '0',
199 verbose headers   connection: 'keep-alive',
199 verbose headers   'x-served-by': 'cache-ams4125-AMS',
199 verbose headers   'x-cache': 'HIT',
199 verbose headers   'x-cache-hits': '1',
199 verbose headers   'x-timer': 'S1461331899.693923,VS0,VE182',
199 verbose headers   vary: 'Accept-Encoding' }
200 silly get cb [ 200,
200 silly get   { server: 'CouchDB/1.5.0 (Erlang OTP/R16B03)',
200 silly get     etag: '"6CHBFBYRSBSCHE6EAE4S5JNTZ"',
200 silly get     'content-type': 'application/json',
200 silly get     'cache-control': 'max-age=300',
200 silly get     'content-length': '31202',
200 silly get     'accept-ranges': 'bytes',
200 silly get     date: 'Fri, 22 Apr 2016 13:31:39 GMT',
200 silly get     via: '1.1 varnish',
200 silly get     age: '0',
200 silly get     connection: 'keep-alive',
200 silly get     'x-served-by': 'cache-ams4125-AMS',
200 silly get     'x-cache': 'HIT',
200 silly get     'x-cache-hits': '1',
200 silly get     'x-timer': 'S1461331899.693923,VS0,VE182',
200 silly get     vary: 'Accept-Encoding' } ]
201 verbose get saving r-pi-gpio to C:\Users\Andreas\AppData\Roaming\npm-cache\registry.npmjs.org\r-pi-gpio\.cache.json
202 verbose correctMkdir C:\Users\Andreas\AppData\Roaming\npm-cache correctMkdir not in flight; initializing
203 silly cache afterAdd math-statistics@1.2.0
204 verbose afterAdd C:\Users\Andreas\AppData\Roaming\npm-cache\math-statistics\1.2.0\package\package.json not in flight; writing
205 verbose correctMkdir C:\Users\Andreas\AppData\Roaming\npm-cache correctMkdir not in flight; initializing
206 verbose afterAdd C:\Users\Andreas\AppData\Roaming\npm-cache\math-statistics\1.2.0\package\package.json written
207 silly resolveWithNewModule r-pi-gpio@3.0.0 checking installable status
208 silly cache add args [ 'r-pi-gpio@~3.0.0', null ]
209 verbose cache add spec r-pi-gpio@~3.0.0
210 silly cache add parsed spec Result {
210 silly cache add   raw: 'r-pi-gpio@~3.0.0',
210 silly cache add   scope: null,
210 silly cache add   name: 'r-pi-gpio',
210 silly cache add   rawSpec: '~3.0.0',
210 silly cache add   spec: '>=3.0.0 <3.1.0',
210 silly cache add   type: 'range' }
211 silly addNamed r-pi-gpio@>=3.0.0 <3.1.0
212 verbose addNamed ">=3.0.0 <3.1.0" is a valid semver range for r-pi-gpio
213 silly addNameRange { name: 'r-pi-gpio', range: '>=3.0.0 <3.1.0', hasData: false }
214 silly mapToRegistry name r-pi-gpio
215 silly mapToRegistry using default registry
216 silly mapToRegistry registry https://registry.npmjs.org/
217 silly mapToRegistry data Result {
217 silly mapToRegistry   raw: 'r-pi-gpio',
217 silly mapToRegistry   scope: null,
217 silly mapToRegistry   name: 'r-pi-gpio',
217 silly mapToRegistry   rawSpec: '',
217 silly mapToRegistry   spec: 'latest',
217 silly mapToRegistry   type: 'tag' }
218 silly mapToRegistry uri https://registry.npmjs.org/r-pi-gpio
219 verbose addNameRange registry:https://registry.npmjs.org/r-pi-gpio not in flight; fetching
220 http 200 https://registry.npmjs.org/expressive-assertion
221 verbose headers { server: 'CouchDB/1.5.0 (Erlang OTP/R16B03)',
221 verbose headers   etag: '"72O0Y6C4X81PXYX9PY66NJV3E"',
221 verbose headers   'content-type': 'application/json',
221 verbose headers   'content-encoding': 'gzip',
221 verbose headers   'cache-control': 'max-age=300',
221 verbose headers   'content-length': '3029',
221 verbose headers   'accept-ranges': 'bytes',
221 verbose headers   date: 'Fri, 22 Apr 2016 13:31:39 GMT',
221 verbose headers   via: '1.1 varnish',
221 verbose headers   age: '0',
221 verbose headers   connection: 'keep-alive',
221 verbose headers   'x-served-by': 'cache-ams4137-AMS',
221 verbose headers   'x-cache': 'HIT',
221 verbose headers   'x-cache-hits': '1',
221 verbose headers   'x-timer': 'S1461331899.607072,VS0,VE391',
221 verbose headers   vary: 'Accept-Encoding' }
222 silly get cb [ 200,
222 silly get   { server: 'CouchDB/1.5.0 (Erlang OTP/R16B03)',
222 silly get     etag: '"72O0Y6C4X81PXYX9PY66NJV3E"',
222 silly get     'content-type': 'application/json',
222 silly get     'content-encoding': 'gzip',
222 silly get     'cache-control': 'max-age=300',
222 silly get     'content-length': '3029',
222 silly get     'accept-ranges': 'bytes',
222 silly get     date: 'Fri, 22 Apr 2016 13:31:39 GMT',
222 silly get     via: '1.1 varnish',
222 silly get     age: '0',
222 silly get     connection: 'keep-alive',
222 silly get     'x-served-by': 'cache-ams4137-AMS',
222 silly get     'x-cache': 'HIT',
222 silly get     'x-cache-hits': '1',
222 silly get     'x-timer': 'S1461331899.607072,VS0,VE391',
222 silly get     vary: 'Accept-Encoding' } ]
223 verbose get saving expressive-assertion to C:\Users\Andreas\AppData\Roaming\npm-cache\registry.npmjs.org\expressive-assertion\.cache.json
224 verbose correctMkdir C:\Users\Andreas\AppData\Roaming\npm-cache correctMkdir not in flight; initializing
225 verbose get https://registry.npmjs.org/r-pi-gpio not expired, no request
226 silly addNameRange number 2 { name: 'r-pi-gpio', range: '>=3.0.0 <3.1.0', hasData: true }
227 silly addNameRange versions [ 'r-pi-gpio',
227 silly addNameRange   [ '0.1.0',
227 silly addNameRange     '1.0.0',
227 silly addNameRange     '1.0.1',
227 silly addNameRange     '2.0.0',
227 silly addNameRange     '2.0.1',
227 silly addNameRange     '2.1.0',
227 silly addNameRange     '2.1.1',
227 silly addNameRange     '2.1.2',
227 silly addNameRange     '2.1.3',
227 silly addNameRange     '2.2.0',
227 silly addNameRange     '2.2.1',
227 silly addNameRange     '2.2.2',
227 silly addNameRange     '2.2.3',
227 silly addNameRange     '3.0.0' ] ]
228 silly addNamed r-pi-gpio@3.0.0
229 verbose addNamed "3.0.0" is a plain semver version for r-pi-gpio
230 warn deprecated r-pi-gpio@3.0.0: THIS PROJECT IS NO LONGER MAINTAINED by clebert
231 silly fetchAndShaCheck shasum d02a770f46778842cceb94e17cab31ffc7234a05
232 silly mapToRegistry name r-pi-gpio
233 silly mapToRegistry using default registry
234 silly mapToRegistry registry https://registry.npmjs.org/
235 silly mapToRegistry data Result {
235 silly mapToRegistry   raw: 'r-pi-gpio',
235 silly mapToRegistry   scope: null,
235 silly mapToRegistry   name: 'r-pi-gpio',
235 silly mapToRegistry   rawSpec: '',
235 silly mapToRegistry   spec: 'latest',
235 silly mapToRegistry   type: 'tag' }
236 silly mapToRegistry uri https://registry.npmjs.org/r-pi-gpio
237 verbose addRemoteTarball https://registry.npmjs.org/r-pi-gpio/-/r-pi-gpio-3.0.0.tgz not in flight; adding
238 verbose addRemoteTarball [ 'https://registry.npmjs.org/r-pi-gpio/-/r-pi-gpio-3.0.0.tgz',
238 verbose addRemoteTarball   'f3e133dc582ec614b8a2ffe2007c65a2d28eea7b' ]
239 verbose addTmpTarball C:\Users\Andreas\AppData\Local\Temp\npm-8776-fd9ab6e5\registry.npmjs.org\nan\-\nan-2.0.9.tgz not in flight; adding
240 verbose addTmpTarball already have metadata; skipping unpack for nan@2.0.9
241 verbose correctMkdir C:\Users\Andreas\AppData\Roaming\npm-cache correctMkdir not in flight; initializing
242 info retry fetch attempt 1 at 15:31:35
243 info attempt registry request try #1 at 15:31:35
244 http fetch GET https://registry.npmjs.org/r-pi-gpio/-/r-pi-gpio-3.0.0.tgz
245 silly resolveWithNewModule expressive-assertion@1.5.1 checking installable status
246 silly cache add args [ 'expressive-assertion@~1.5.1', null ]
247 verbose cache add spec expressive-assertion@~1.5.1
248 silly cache add parsed spec Result {
248 silly cache add   raw: 'expressive-assertion@~1.5.1',
248 silly cache add   scope: null,
248 silly cache add   name: 'expressive-assertion',
248 silly cache add   rawSpec: '~1.5.1',
248 silly cache add   spec: '>=1.5.1 <1.6.0',
248 silly cache add   type: 'range' }
249 silly addNamed expressive-assertion@>=1.5.1 <1.6.0
250 verbose addNamed ">=1.5.1 <1.6.0" is a valid semver range for expressive-assertion
251 silly addNameRange { name: 'expressive-assertion',
251 silly addNameRange   range: '>=1.5.1 <1.6.0',
251 silly addNameRange   hasData: false }
252 silly mapToRegistry name expressive-assertion
253 silly mapToRegistry using default registry
254 silly mapToRegistry registry https://registry.npmjs.org/
255 silly mapToRegistry data Result {
255 silly mapToRegistry   raw: 'expressive-assertion',
255 silly mapToRegistry   scope: null,
255 silly mapToRegistry   name: 'expressive-assertion',
255 silly mapToRegistry   rawSpec: '',
255 silly mapToRegistry   spec: 'latest',
255 silly mapToRegistry   type: 'tag' }
256 silly mapToRegistry uri https://registry.npmjs.org/expressive-assertion
257 verbose addNameRange registry:https://registry.npmjs.org/expressive-assertion not in flight; fetching
258 silly cache afterAdd nan@2.0.9
259 verbose afterAdd C:\Users\Andreas\AppData\Roaming\npm-cache\nan\2.0.9\package\package.json not in flight; writing
260 verbose correctMkdir C:\Users\Andreas\AppData\Roaming\npm-cache correctMkdir not in flight; initializing
261 verbose get https://registry.npmjs.org/expressive-assertion not expired, no request
262 silly addNameRange number 2 { name: 'expressive-assertion',
262 silly addNameRange   range: '>=1.5.1 <1.6.0',
262 silly addNameRange   hasData: true }
263 silly addNameRange versions [ 'expressive-assertion',
263 silly addNameRange   [ '0.1.0',
263 silly addNameRange     '1.0.0',
263 silly addNameRange     '1.1.0',
263 silly addNameRange     '1.2.0',
263 silly addNameRange     '1.3.0',
263 silly addNameRange     '1.4.0',
263 silly addNameRange     '1.4.1',
263 silly addNameRange     '1.5.0',
263 silly addNameRange     '1.5.1' ] ]
264 silly addNamed expressive-assertion@1.5.1
265 verbose addNamed "1.5.1" is a plain semver version for expressive-assertion
266 warn deprecated expressive-assertion@1.5.1: THIS PROJECT IS NO LONGER MAINTAINED by clebert
267 silly mapToRegistry name expressive-assertion
268 silly mapToRegistry using default registry
269 silly mapToRegistry registry https://registry.npmjs.org/
270 silly mapToRegistry data Result {
270 silly mapToRegistry   raw: 'expressive-assertion',
270 silly mapToRegistry   scope: null,
270 silly mapToRegistry   name: 'expressive-assertion',
270 silly mapToRegistry   rawSpec: '',
270 silly mapToRegistry   spec: 'latest',
270 silly mapToRegistry   type: 'tag' }
271 silly mapToRegistry uri https://registry.npmjs.org/expressive-assertion
272 verbose addRemoteTarball https://registry.npmjs.org/expressive-assertion/-/expressive-assertion-1.5.1.tgz not in flight; adding
273 verbose addRemoteTarball [ 'https://registry.npmjs.org/expressive-assertion/-/expressive-assertion-1.5.1.tgz',
273 verbose addRemoteTarball   '56159c95519bc30b6f1ef1a6c845546d27db1a0e' ]
274 info retry fetch attempt 1 at 15:31:35
275 info attempt registry request try #1 at 15:31:35
276 http fetch GET https://registry.npmjs.org/expressive-assertion/-/expressive-assertion-1.5.1.tgz
277 verbose afterAdd C:\Users\Andreas\AppData\Roaming\npm-cache\nan\2.0.9\package\package.json written
278 http fetch 200 https://registry.npmjs.org/r-pi-gpio/-/r-pi-gpio-3.0.0.tgz
279 http fetch 200 https://registry.npmjs.org/expressive-assertion/-/expressive-assertion-1.5.1.tgz
280 silly fetchAndShaCheck shasum 56159c95519bc30b6f1ef1a6c845546d27db1a0e
281 verbose addTmpTarball C:\Users\Andreas\AppData\Local\Temp\npm-8776-fd9ab6e5\registry.npmjs.org\expressive-assertion\-\expressive-assertion-1.5.1.tgz not in flight; adding
282 verbose addTmpTarball already have metadata; skipping unpack for expressive-assertion@1.5.1
283 verbose correctMkdir C:\Users\Andreas\AppData\Roaming\npm-cache correctMkdir not in flight; initializing
284 silly cache afterAdd expressive-assertion@1.5.1
285 verbose afterAdd C:\Users\Andreas\AppData\Roaming\npm-cache\expressive-assertion\1.5.1\package\package.json not in flight; writing
286 verbose correctMkdir C:\Users\Andreas\AppData\Roaming\npm-cache correctMkdir not in flight; initializing
287 verbose afterAdd C:\Users\Andreas\AppData\Roaming\npm-cache\expressive-assertion\1.5.1\package\package.json written
288 http 200 https://registry.npmjs.org/typesystem
289 verbose headers { server: 'CouchDB/1.5.0 (Erlang OTP/R16B03)',
289 verbose headers   etag: '"3SDPCIEHE5O8YWM7F1ZBASN8C"',
289 verbose headers   'content-type': 'application/json',
289 verbose headers   'cache-control': 'max-age=300',
289 verbose headers   'content-length': '59471',
289 verbose headers   'accept-ranges': 'bytes',
289 verbose headers   date: 'Fri, 22 Apr 2016 13:31:40 GMT',
289 verbose headers   via: '1.1 varnish',
289 verbose headers   age: '0',
289 verbose headers   connection: 'keep-alive',
289 verbose headers   'x-served-by': 'cache-ams4135-AMS',
289 verbose headers   'x-cache': 'HIT',
289 verbose headers   'x-cache-hits': '1',
289 verbose headers   'x-timer': 'S1461331899.708130,VS0,VE400',
289 verbose headers   vary: 'Accept-Encoding' }
290 silly get cb [ 200,
290 silly get   { server: 'CouchDB/1.5.0 (Erlang OTP/R16B03)',
290 silly get     etag: '"3SDPCIEHE5O8YWM7F1ZBASN8C"',
290 silly get     'content-type': 'application/json',
290 silly get     'cache-control': 'max-age=300',
290 silly get     'content-length': '59471',
290 silly get     'accept-ranges': 'bytes',
290 silly get     date: 'Fri, 22 Apr 2016 13:31:40 GMT',
290 silly get     via: '1.1 varnish',
290 silly get     age: '0',
290 silly get     connection: 'keep-alive',
290 silly get     'x-served-by': 'cache-ams4135-AMS',
290 silly get     'x-cache': 'HIT',
290 silly get     'x-cache-hits': '1',
290 silly get     'x-timer': 'S1461331899.708130,VS0,VE400',
290 silly get     vary: 'Accept-Encoding' } ]
291 verbose get saving typesystem to C:\Users\Andreas\AppData\Roaming\npm-cache\registry.npmjs.org\typesystem\.cache.json
292 verbose correctMkdir C:\Users\Andreas\AppData\Roaming\npm-cache correctMkdir not in flight; initializing
293 silly fetchAndShaCheck shasum f3e133dc582ec614b8a2ffe2007c65a2d28eea7b
294 verbose addTmpTarball C:\Users\Andreas\AppData\Local\Temp\npm-8776-fd9ab6e5\registry.npmjs.org\r-pi-gpio\-\r-pi-gpio-3.0.0.tgz not in flight; adding
295 verbose addTmpTarball already have metadata; skipping unpack for r-pi-gpio@3.0.0
296 verbose correctMkdir C:\Users\Andreas\AppData\Roaming\npm-cache correctMkdir not in flight; initializing
297 silly resolveWithNewModule typesystem@5.0.0 checking installable status
298 silly cache add args [ 'typesystem@~5.0.0', null ]
299 verbose cache add spec typesystem@~5.0.0
300 silly cache add parsed spec Result {
300 silly cache add   raw: 'typesystem@~5.0.0',
300 silly cache add   scope: null,
300 silly cache add   name: 'typesystem',
300 silly cache add   rawSpec: '~5.0.0',
300 silly cache add   spec: '>=5.0.0 <5.1.0',
300 silly cache add   type: 'range' }
301 silly addNamed typesystem@>=5.0.0 <5.1.0
302 verbose addNamed ">=5.0.0 <5.1.0" is a valid semver range for typesystem
303 silly addNameRange { name: 'typesystem', range: '>=5.0.0 <5.1.0', hasData: false }
304 silly mapToRegistry name typesystem
305 silly mapToRegistry using default registry
306 silly mapToRegistry registry https://registry.npmjs.org/
307 silly mapToRegistry data Result {
307 silly mapToRegistry   raw: 'typesystem',
307 silly mapToRegistry   scope: null,
307 silly mapToRegistry   name: 'typesystem',
307 silly mapToRegistry   rawSpec: '',
307 silly mapToRegistry   spec: 'latest',
307 silly mapToRegistry   type: 'tag' }
308 silly mapToRegistry uri https://registry.npmjs.org/typesystem
309 verbose addNameRange registry:https://registry.npmjs.org/typesystem not in flight; fetching
310 verbose get https://registry.npmjs.org/typesystem not expired, no request
311 silly addNameRange number 2 { name: 'typesystem', range: '>=5.0.0 <5.1.0', hasData: true }
312 silly addNameRange versions [ 'typesystem',
312 silly addNameRange   [ '0.1.0',
312 silly addNameRange     '0.2.0',
312 silly addNameRange     '0.2.1',
312 silly addNameRange     '0.2.2',
312 silly addNameRange     '0.2.3',
312 silly addNameRange     '0.3.0',
312 silly addNameRange     '0.4.0',
312 silly addNameRange     '1.0.0',
312 silly addNameRange     '1.1.0',
312 silly addNameRange     '1.2.0',
312 silly addNameRange     '1.2.1',
312 silly addNameRange     '1.2.2',
312 silly addNameRange     '1.2.3',
312 silly addNameRange     '1.2.4',
312 silly addNameRange     '2.0.0',
312 silly addNameRange     '2.1.0',
312 silly addNameRange     '2.2.0',
312 silly addNameRange     '2.2.1',
312 silly addNameRange     '2.2.2',
312 silly addNameRange     '3.0.0',
312 silly addNameRange     '3.1.0',
312 silly addNameRange     '3.1.1',
312 silly addNameRange     '3.2.0',
312 silly addNameRange     '3.3.0',
312 silly addNameRange     '3.4.0',
312 silly addNameRange     '3.5.0',
312 silly addNameRange     '3.6.0',
312 silly addNameRange     '3.6.1',
312 silly addNameRange     '3.7.0',
312 silly addNameRange     '4.0.0',
312 silly addNameRange     '4.1.0',
312 silly addNameRange     '5.0.0' ] ]
313 silly addNamed typesystem@5.0.0
314 verbose addNamed "5.0.0" is a plain semver version for typesystem
315 warn deprecated typesystem@5.0.0: THIS PROJECT IS NO LONGER MAINTAINED by clebert
316 silly cache afterAdd r-pi-gpio@3.0.0
317 verbose afterAdd C:\Users\Andreas\AppData\Roaming\npm-cache\r-pi-gpio\3.0.0\package\package.json not in flight; writing
318 verbose correctMkdir C:\Users\Andreas\AppData\Roaming\npm-cache correctMkdir not in flight; initializing
319 silly mapToRegistry name typesystem
320 silly mapToRegistry using default registry
321 silly mapToRegistry registry https://registry.npmjs.org/
322 silly mapToRegistry data Result {
322 silly mapToRegistry   raw: 'typesystem',
322 silly mapToRegistry   scope: null,
322 silly mapToRegistry   name: 'typesystem',
322 silly mapToRegistry   rawSpec: '',
322 silly mapToRegistry   spec: 'latest',
322 silly mapToRegistry   type: 'tag' }
323 silly mapToRegistry uri https://registry.npmjs.org/typesystem
324 verbose addRemoteTarball https://registry.npmjs.org/typesystem/-/typesystem-5.0.0.tgz not in flight; adding
325 verbose addRemoteTarball [ 'https://registry.npmjs.org/typesystem/-/typesystem-5.0.0.tgz',
325 verbose addRemoteTarball   'b8c74eee328a905fb155df8c90523a54461b5bd7' ]
326 info retry fetch attempt 1 at 15:31:35
327 info attempt registry request try #1 at 15:31:35
328 http fetch GET https://registry.npmjs.org/typesystem/-/typesystem-5.0.0.tgz
329 verbose afterAdd C:\Users\Andreas\AppData\Roaming\npm-cache\r-pi-gpio\3.0.0\package\package.json written
330 http fetch 200 https://registry.npmjs.org/typesystem/-/typesystem-5.0.0.tgz
331 silly fetchAndShaCheck shasum b8c74eee328a905fb155df8c90523a54461b5bd7
332 verbose addTmpTarball C:\Users\Andreas\AppData\Local\Temp\npm-8776-fd9ab6e5\registry.npmjs.org\typesystem\-\typesystem-5.0.0.tgz not in flight; adding
333 verbose addTmpTarball already have metadata; skipping unpack for typesystem@5.0.0
334 verbose correctMkdir C:\Users\Andreas\AppData\Roaming\npm-cache correctMkdir not in flight; initializing
335 silly cache afterAdd typesystem@5.0.0
336 verbose afterAdd C:\Users\Andreas\AppData\Roaming\npm-cache\typesystem\5.0.0\package\package.json not in flight; writing
337 verbose correctMkdir C:\Users\Andreas\AppData\Roaming\npm-cache correctMkdir not in flight; initializing
338 verbose afterAdd C:\Users\Andreas\AppData\Roaming\npm-cache\typesystem\5.0.0\package\package.json written
339 silly loadAllDepsIntoIdealTree Finishing
340 silly idealTree:prePrune TDT4140
340 silly idealTree:prePrune +-- expressive-assertion@1.5.1
340 silly idealTree:prePrune +-- math-statistics@1.2.0
340 silly idealTree:prePrune +-- nan@2.0.9
340 silly idealTree:prePrune +-- r-pi-gpio@3.0.0
340 silly idealTree:prePrune +-- r-pi-usonic@2.5.0
340 silly idealTree:prePrune `-- typesystem@5.0.0
341 silly loadIdealTree Finishing
342 silly currentTree TDT4140
343 silly idealTree TDT4140
343 silly idealTree +-- expressive-assertion@1.5.1
343 silly idealTree +-- math-statistics@1.2.0
343 silly idealTree +-- nan@2.0.9
343 silly idealTree +-- r-pi-gpio@3.0.0
343 silly idealTree +-- r-pi-usonic@2.5.0
343 silly idealTree `-- typesystem@5.0.0
344 silly generateActionsToTake Starting
345 silly install generateActionsToTake
346 silly generateActionsToTake Finishing
347 silly diffTrees action count 6
348 silly diffTrees add expressive-assertion@1.5.1
349 silly diffTrees add math-statistics@1.2.0
350 silly diffTrees add nan@2.0.9
351 silly diffTrees add typesystem@5.0.0
352 silly diffTrees add r-pi-gpio@3.0.0
353 silly diffTrees add r-pi-usonic@2.5.0
354 silly decomposeActions action count 48
355 silly decomposeActions fetch expressive-assertion@1.5.1
356 silly decomposeActions extract expressive-assertion@1.5.1
357 silly decomposeActions test expressive-assertion@1.5.1
358 silly decomposeActions preinstall expressive-assertion@1.5.1
359 silly decomposeActions build expressive-assertion@1.5.1
360 silly decomposeActions install expressive-assertion@1.5.1
361 silly decomposeActions postinstall expressive-assertion@1.5.1
362 silly decomposeActions finalize expressive-assertion@1.5.1
363 silly decomposeActions fetch math-statistics@1.2.0
364 silly decomposeActions extract math-statistics@1.2.0
365 silly decomposeActions test math-statistics@1.2.0
366 silly decomposeActions preinstall math-statistics@1.2.0
367 silly decomposeActions build math-statistics@1.2.0
368 silly decomposeActions install math-statistics@1.2.0
369 silly decomposeActions postinstall math-statistics@1.2.0
370 silly decomposeActions finalize math-statistics@1.2.0
371 silly decomposeActions fetch nan@2.0.9
372 silly decomposeActions extract nan@2.0.9
373 silly decomposeActions test nan@2.0.9
374 silly decomposeActions preinstall nan@2.0.9
375 silly decomposeActions build nan@2.0.9
376 silly decomposeActions install nan@2.0.9
377 silly decomposeActions postinstall nan@2.0.9
378 silly decomposeActions finalize nan@2.0.9
379 silly decomposeActions fetch typesystem@5.0.0
380 silly decomposeActions extract typesystem@5.0.0
381 silly decomposeActions test typesystem@5.0.0
382 silly decomposeActions preinstall typesystem@5.0.0
383 silly decomposeActions build typesystem@5.0.0
384 silly decomposeActions install typesystem@5.0.0
385 silly decomposeActions postinstall typesystem@5.0.0
386 silly decomposeActions finalize typesystem@5.0.0
387 silly decomposeActions fetch r-pi-gpio@3.0.0
388 silly decomposeActions extract r-pi-gpio@3.0.0
389 silly decomposeActions test r-pi-gpio@3.0.0
390 silly decomposeActions preinstall r-pi-gpio@3.0.0
391 silly decomposeActions build r-pi-gpio@3.0.0
392 silly decomposeActions install r-pi-gpio@3.0.0
393 silly decomposeActions postinstall r-pi-gpio@3.0.0
394 silly decomposeActions finalize r-pi-gpio@3.0.0
395 silly decomposeActions fetch r-pi-usonic@2.5.0
396 silly decomposeActions extract r-pi-usonic@2.5.0
397 silly decomposeActions test r-pi-usonic@2.5.0
398 silly decomposeActions preinstall r-pi-usonic@2.5.0
399 silly decomposeActions build r-pi-usonic@2.5.0
400 silly decomposeActions install r-pi-usonic@2.5.0
401 silly decomposeActions postinstall r-pi-usonic@2.5.0
402 silly decomposeActions finalize r-pi-usonic@2.5.0
403 silly executeActions Starting
404 silly install executeActions
405 silly doSerial global-install 0
406 silly doParallel fetch 6
407 verbose correctMkdir C:\Users\Andreas\AppData\Roaming\npm-cache\_locks correctMkdir not in flight; initializing
408 verbose makeDirectory C:\Users\Andreas\AppData\Roaming\npm-cache\_locks creation not in flight; initializing
409 verbose makeCacheDir UID & GID are irrelevant on win32
410 verbose lock using C:\Users\Andreas\AppData\Roaming\npm-cache\_locks\staging-6053f962a7c2ae16.lock for C:\Users\Andreas\git\TDT4140\node_modules\.staging
411 silly doParallel extract 6
412 silly extract expressive-assertion@1.5.1
413 silly extract math-statistics@1.2.0
414 silly extract nan@2.0.9
415 silly extract typesystem@5.0.0
416 silly extract r-pi-gpio@3.0.0
417 silly extract r-pi-usonic@2.5.0
418 verbose unbuild node_modules\.staging\expressive-assertion-91d9c191
419 verbose unbuild node_modules\.staging\math-statistics-08bd823b
420 verbose unbuild node_modules\.staging\nan-923fe163
421 verbose unbuild node_modules\.staging\typesystem-69852c0c
422 silly gentlyRm C:\Users\Andreas\git\TDT4140\node_modules\.staging\expressive-assertion-91d9c191 is being purged from base C:\Users\Andreas\git\TDT4140
423 verbose gentlyRm don't care about contents; nuking C:\Users\Andreas\git\TDT4140\node_modules\.staging\expressive-assertion-91d9c191
424 silly gentlyRm C:\Users\Andreas\git\TDT4140\node_modules\.staging\math-statistics-08bd823b is being purged from base C:\Users\Andreas\git\TDT4140
425 verbose gentlyRm don't care about contents; nuking C:\Users\Andreas\git\TDT4140\node_modules\.staging\math-statistics-08bd823b
426 silly gentlyRm C:\Users\Andreas\git\TDT4140\node_modules\.staging\nan-923fe163 is being purged from base C:\Users\Andreas\git\TDT4140
427 verbose gentlyRm don't care about contents; nuking C:\Users\Andreas\git\TDT4140\node_modules\.staging\nan-923fe163
428 silly gentlyRm C:\Users\Andreas\git\TDT4140\node_modules\.staging\typesystem-69852c0c is being purged from base C:\Users\Andreas\git\TDT4140
429 verbose gentlyRm don't care about contents; nuking C:\Users\Andreas\git\TDT4140\node_modules\.staging\typesystem-69852c0c
430 verbose tar unpack C:\Users\Andreas\AppData\Roaming\npm-cache\expressive-assertion\1.5.1\package.tgz
431 verbose tar unpacking to C:\Users\Andreas\git\TDT4140\node_modules\.staging\expressive-assertion-91d9c191
432 silly gentlyRm C:\Users\Andreas\git\TDT4140\node_modules\.staging\expressive-assertion-91d9c191 is being purged
433 verbose gentlyRm don't care about contents; nuking C:\Users\Andreas\git\TDT4140\node_modules\.staging\expressive-assertion-91d9c191
434 verbose tar unpack C:\Users\Andreas\AppData\Roaming\npm-cache\math-statistics\1.2.0\package.tgz
435 verbose tar unpacking to C:\Users\Andreas\git\TDT4140\node_modules\.staging\math-statistics-08bd823b
436 silly gentlyRm C:\Users\Andreas\git\TDT4140\node_modules\.staging\math-statistics-08bd823b is being purged
437 verbose gentlyRm don't care about contents; nuking C:\Users\Andreas\git\TDT4140\node_modules\.staging\math-statistics-08bd823b
438 verbose tar unpack C:\Users\Andreas\AppData\Roaming\npm-cache\nan\2.0.9\package.tgz
439 verbose tar unpacking to C:\Users\Andreas\git\TDT4140\node_modules\.staging\nan-923fe163
440 silly gentlyRm C:\Users\Andreas\git\TDT4140\node_modules\.staging\nan-923fe163 is being purged
441 verbose gentlyRm don't care about contents; nuking C:\Users\Andreas\git\TDT4140\node_modules\.staging\nan-923fe163
442 verbose tar unpack C:\Users\Andreas\AppData\Roaming\npm-cache\typesystem\5.0.0\package.tgz
443 verbose tar unpacking to C:\Users\Andreas\git\TDT4140\node_modules\.staging\typesystem-69852c0c
444 silly gentlyRm C:\Users\Andreas\git\TDT4140\node_modules\.staging\typesystem-69852c0c is being purged
445 verbose gentlyRm don't care about contents; nuking C:\Users\Andreas\git\TDT4140\node_modules\.staging\typesystem-69852c0c
446 verbose unbuild node_modules\.staging\r-pi-gpio-8116aad6
447 verbose unbuild node_modules\.staging\r-pi-usonic-f4efa7ab
448 silly gunzTarPerm modes [ '777', '666' ]
449 silly gunzTarPerm modes [ '777', '666' ]
450 silly gunzTarPerm modes [ '777', '666' ]
451 silly gunzTarPerm modes [ '777', '666' ]
452 silly gentlyRm C:\Users\Andreas\git\TDT4140\node_modules\.staging\r-pi-gpio-8116aad6 is being purged from base C:\Users\Andreas\git\TDT4140
453 verbose gentlyRm don't care about contents; nuking C:\Users\Andreas\git\TDT4140\node_modules\.staging\r-pi-gpio-8116aad6
454 silly gentlyRm C:\Users\Andreas\git\TDT4140\node_modules\.staging\r-pi-usonic-f4efa7ab is being purged from base C:\Users\Andreas\git\TDT4140
455 verbose gentlyRm don't care about contents; nuking C:\Users\Andreas\git\TDT4140\node_modules\.staging\r-pi-usonic-f4efa7ab
456 verbose tar unpack C:\Users\Andreas\AppData\Roaming\npm-cache\r-pi-gpio\3.0.0\package.tgz
457 verbose tar unpacking to C:\Users\Andreas\git\TDT4140\node_modules\.staging\r-pi-gpio-8116aad6
458 silly gentlyRm C:\Users\Andreas\git\TDT4140\node_modules\.staging\r-pi-gpio-8116aad6 is being purged
459 verbose gentlyRm don't care about contents; nuking C:\Users\Andreas\git\TDT4140\node_modules\.staging\r-pi-gpio-8116aad6
460 verbose tar unpack C:\Users\Andreas\AppData\Roaming\npm-cache\r-pi-usonic\2.5.0\package.tgz
461 verbose tar unpacking to C:\Users\Andreas\git\TDT4140\node_modules\.staging\r-pi-usonic-f4efa7ab
462 silly gentlyRm C:\Users\Andreas\git\TDT4140\node_modules\.staging\r-pi-usonic-f4efa7ab is being purged
463 verbose gentlyRm don't care about contents; nuking C:\Users\Andreas\git\TDT4140\node_modules\.staging\r-pi-usonic-f4efa7ab
464 silly gunzTarPerm modes [ '777', '666' ]
465 silly gunzTarPerm modes [ '777', '666' ]
466 silly gunzTarPerm extractEntry package.json
467 silly gunzTarPerm modified mode [ 'package.json', 420, 438 ]
468 silly gunzTarPerm extractEntry package.json
469 silly gunzTarPerm modified mode [ 'package.json', 420, 438 ]
470 silly gunzTarPerm extractEntry package.json
471 silly gunzTarPerm modified mode [ 'package.json', 436, 438 ]
472 silly gunzTarPerm extractEntry package.json
473 silly gunzTarPerm modified mode [ 'package.json', 420, 438 ]
474 silly gunzTarPerm extractEntry package.json
475 silly gunzTarPerm modified mode [ 'package.json', 420, 438 ]
476 silly gunzTarPerm extractEntry package.json
477 silly gunzTarPerm modified mode [ 'package.json', 420, 438 ]
478 silly gunzTarPerm extractEntry .npmignore
479 silly gunzTarPerm modified mode [ '.npmignore', 420, 438 ]
480 silly gunzTarPerm extractEntry README.md
481 silly gunzTarPerm modified mode [ 'README.md', 436, 438 ]
482 silly gunzTarPerm extractEntry .npmignore
483 silly gunzTarPerm modified mode [ '.npmignore', 420, 438 ]
484 silly gunzTarPerm extractEntry README.md
485 silly gunzTarPerm modified mode [ 'README.md', 420, 438 ]
486 silly gunzTarPerm extractEntry README.md
487 silly gunzTarPerm modified mode [ 'README.md', 436, 438 ]
488 silly gunzTarPerm extractEntry .npmignore
489 silly gunzTarPerm modified mode [ '.npmignore', 420, 438 ]
490 silly gunzTarPerm extractEntry README.md
491 silly gunzTarPerm modified mode [ 'README.md', 420, 438 ]
492 silly gunzTarPerm extractEntry include_dirs.js
493 silly gunzTarPerm modified mode [ 'include_dirs.js', 436, 438 ]
494 silly gunzTarPerm extractEntry .npmignore
495 silly gunzTarPerm modified mode [ '.npmignore', 420, 438 ]
496 silly gunzTarPerm extractEntry README.md
497 silly gunzTarPerm modified mode [ 'README.md', 420, 438 ]
498 silly gunzTarPerm extractEntry .npmignore
499 silly gunzTarPerm modified mode [ '.npmignore', 420, 438 ]
500 silly gunzTarPerm extractEntry README.md
501 silly gunzTarPerm modified mode [ 'README.md', 420, 438 ]
502 silly gunzTarPerm extractEntry LICENSE
503 silly gunzTarPerm modified mode [ 'LICENSE', 420, 438 ]
504 silly gunzTarPerm extractEntry Gruntfile.js
505 silly gunzTarPerm modified mode [ 'Gruntfile.js', 420, 438 ]
506 silly gunzTarPerm extractEntry nan_converters.h
507 silly gunzTarPerm modified mode [ 'nan_converters.h', 436, 438 ]
508 silly gunzTarPerm extractEntry LICENSE.md
509 silly gunzTarPerm modified mode [ 'LICENSE.md', 436, 438 ]
510 silly gunzTarPerm extractEntry .dntrc
511 silly gunzTarPerm modified mode [ '.dntrc', 436, 438 ]
512 silly gunzTarPerm extractEntry LICENSE
513 silly gunzTarPerm modified mode [ 'LICENSE', 420, 438 ]
514 silly gunzTarPerm extractEntry Gruntfile.js
515 silly gunzTarPerm modified mode [ 'Gruntfile.js', 420, 438 ]
516 silly gunzTarPerm extractEntry LICENSE
517 silly gunzTarPerm modified mode [ 'LICENSE', 420, 438 ]
518 silly gunzTarPerm extractEntry Gruntfile.js
519 silly gunzTarPerm modified mode [ 'Gruntfile.js', 420, 438 ]
520 silly gunzTarPerm extractEntry appveyor.yml
521 silly gunzTarPerm modified mode [ 'appveyor.yml', 436, 438 ]
522 silly gunzTarPerm extractEntry LICENSE
523 silly gunzTarPerm modified mode [ 'LICENSE', 420, 438 ]
524 silly gunzTarPerm extractEntry Gruntfile.js
525 silly gunzTarPerm modified mode [ 'Gruntfile.js', 420, 438 ]
526 silly gunzTarPerm extractEntry LICENSE
527 silly gunzTarPerm modified mode [ 'LICENSE', 420, 438 ]
528 silly gunzTarPerm extractEntry Gruntfile.js
529 silly gunzTarPerm modified mode [ 'Gruntfile.js', 420, 438 ]
530 silly gunzTarPerm extractEntry karma.conf.js
531 silly gunzTarPerm modified mode [ 'karma.conf.js', 436, 438 ]
532 silly gunzTarPerm extractEntry .travis.yml
533 silly gunzTarPerm modified mode [ '.travis.yml', 420, 438 ]
534 silly gunzTarPerm extractEntry .editorconfig
535 silly gunzTarPerm modified mode [ '.editorconfig', 420, 438 ]
536 silly gunzTarPerm extractEntry .jscsrc
537 silly gunzTarPerm modified mode [ '.jscsrc', 420, 438 ]
538 silly gunzTarPerm extractEntry lib/assert.js
539 silly gunzTarPerm modified mode [ 'lib/assert.js', 420, 438 ]
540 silly gunzTarPerm extractEntry .jshintrc
541 silly gunzTarPerm modified mode [ '.jshintrc', 420, 438 ]
542 silly gunzTarPerm extractEntry test/assert.test.js
543 silly gunzTarPerm modified mode [ 'test/assert.test.js', 420, 438 ]
544 silly gunzTarPerm extractEntry test/package.test.js
545 silly gunzTarPerm modified mode [ 'test/package.test.js', 436, 438 ]
546 silly gunzTarPerm extractEntry .jshintrc
547 silly gunzTarPerm modified mode [ '.jshintrc', 420, 438 ]
548 silly gunzTarPerm extractEntry .travis.yml
549 silly gunzTarPerm modified mode [ '.travis.yml', 420, 438 ]
550 silly gunzTarPerm extractEntry .editorconfig
551 silly gunzTarPerm modified mode [ '.editorconfig', 420, 438 ]
552 silly gunzTarPerm extractEntry lib/statistics.js
553 silly gunzTarPerm modified mode [ 'lib/statistics.js', 420, 438 ]
554 silly gunzTarPerm extractEntry .jscsrc
555 silly gunzTarPerm modified mode [ '.jscsrc', 420, 438 ]
556 silly gunzTarPerm extractEntry test/package.test.js
557 silly gunzTarPerm modified mode [ 'test/package.test.js', 420, 438 ]
558 silly gunzTarPerm extractEntry test/statistics.test.js
559 silly gunzTarPerm modified mode [ 'test/statistics.test.js', 420, 438 ]
560 silly gunzTarPerm extractEntry karma.conf.js
561 silly gunzTarPerm modified mode [ 'karma.conf.js', 420, 438 ]
562 silly gunzTarPerm extractEntry .jshintrc
563 silly gunzTarPerm modified mode [ '.jshintrc', 420, 438 ]
564 silly gunzTarPerm extractEntry binding.gyp
565 silly gunzTarPerm modified mode [ 'binding.gyp', 420, 438 ]
566 silly gunzTarPerm extractEntry doc/new.md
567 silly gunzTarPerm modified mode [ 'doc/new.md', 436, 438 ]
568 silly gunzTarPerm extractEntry doc/.build.sh
569 silly gunzTarPerm modified mode [ 'doc/.build.sh', 509, 511 ]
570 silly gunzTarPerm extractEntry .travis.yml
571 silly gunzTarPerm modified mode [ '.travis.yml', 420, 438 ]
572 silly gunzTarPerm extractEntry .travis.yml
573 silly gunzTarPerm modified mode [ '.travis.yml', 420, 438 ]
574 silly gunzTarPerm extractEntry .editorconfig
575 silly gunzTarPerm modified mode [ '.editorconfig', 420, 438 ]
576 silly gunzTarPerm extractEntry doc/buffers.md
577 silly gunzTarPerm modified mode [ 'doc/buffers.md', 436, 438 ]
578 silly gunzTarPerm extractEntry doc/callback.md
579 silly gunzTarPerm modified mode [ 'doc/callback.md', 436, 438 ]
580 silly gunzTarPerm extractEntry .editorconfig
581 silly gunzTarPerm modified mode [ '.editorconfig', 420, 438 ]
582 silly gunzTarPerm extractEntry binding.gyp
583 silly gunzTarPerm modified mode [ 'binding.gyp', 420, 438 ]
584 silly gunzTarPerm extractEntry .editorconfig
585 silly gunzTarPerm modified mode [ '.editorconfig', 420, 438 ]
586 silly gunzTarPerm extractEntry .jscsrc
587 silly gunzTarPerm modified mode [ '.jscsrc', 420, 438 ]
588 silly gunzTarPerm extractEntry .jscsrc
589 silly gunzTarPerm modified mode [ '.jscsrc', 420, 438 ]
590 silly gunzTarPerm extractEntry lib/ts.js
591 silly gunzTarPerm modified mode [ 'lib/ts.js', 420, 438 ]
592 silly gunzTarPerm extractEntry doc/converters.md
593 silly gunzTarPerm modified mode [ 'doc/converters.md', 436, 438 ]
594 silly gunzTarPerm extractEntry doc/errors.md
595 silly gunzTarPerm modified mode [ 'doc/errors.md', 436, 438 ]
596 silly gunzTarPerm extractEntry examples/surveyor.js
597 silly gunzTarPerm modified mode [ 'examples/surveyor.js', 420, 438 ]
598 silly gunzTarPerm extractEntry lib/usonic.js
599 silly gunzTarPerm modified mode [ 'lib/usonic.js', 420, 438 ]
600 silly gunzTarPerm extractEntry .jshintrc
601 silly gunzTarPerm modified mode [ '.jshintrc', 420, 438 ]
602 silly gunzTarPerm extractEntry examples/onoff.js
603 silly gunzTarPerm modified mode [ 'examples/onoff.js', 420, 438 ]
604 silly gunzTarPerm extractEntry src/clock.cc
605 silly gunzTarPerm modified mode [ 'src/clock.cc', 420, 438 ]
606 silly gunzTarPerm extractEntry src/clock.h
607 silly gunzTarPerm modified mode [ 'src/clock.h', 420, 438 ]
608 silly gunzTarPerm extractEntry .jshintrc
609 silly gunzTarPerm modified mode [ '.jshintrc', 420, 438 ]
610 silly gunzTarPerm extractEntry test/package.test.js
611 silly gunzTarPerm modified mode [ 'test/package.test.js', 420, 438 ]
612 silly gunzTarPerm extractEntry doc/maybe_types.md
613 silly gunzTarPerm modified mode [ 'doc/maybe_types.md', 436, 438 ]
614 silly gunzTarPerm extractEntry doc/methods.md
615 silly gunzTarPerm modified mode [ 'doc/methods.md', 436, 438 ]
616 silly gunzTarPerm extractEntry lib/gpio.js
617 silly gunzTarPerm modified mode [ 'lib/gpio.js', 420, 438 ]
618 silly gunzTarPerm extractEntry src/gpio.cc
619 silly gunzTarPerm modified mode [ 'src/gpio.cc', 420, 438 ]
620 silly gunzTarPerm extractEntry src/gpio.h
621 silly gunzTarPerm modified mode [ 'src/gpio.h', 420, 438 ]
622 silly gunzTarPerm extractEntry src/node_gpio.cc
623 silly gunzTarPerm modified mode [ 'src/node_gpio.cc', 420, 438 ]
624 silly gunzTarPerm extractEntry test/ts.test.js
625 silly gunzTarPerm modified mode [ 'test/ts.test.js', 420, 438 ]
626 silly gunzTarPerm extractEntry src/node_usonic.cc
627 silly gunzTarPerm modified mode [ 'src/node_usonic.cc', 420, 438 ]
628 silly gunzTarPerm extractEntry .jscsrc
629 silly gunzTarPerm modified mode [ '.jscsrc', 420, 438 ]
630 silly gunzTarPerm extractEntry doc/asyncworker.md
631 silly gunzTarPerm modified mode [ 'doc/asyncworker.md', 436, 438 ]
632 silly gunzTarPerm extractEntry doc/node_misc.md
633 silly gunzTarPerm modified mode [ 'doc/node_misc.md', 436, 438 ]
634 silly gunzTarPerm extractEntry .travis.yml
635 silly gunzTarPerm modified mode [ '.travis.yml', 420, 438 ]
636 silly gunzTarPerm extractEntry resources/onoff.png
637 silly gunzTarPerm modified mode [ 'resources/onoff.png', 420, 438 ]
638 silly gunzTarPerm extractEntry resources/hcsr04.png
639 silly gunzTarPerm modified mode [ 'resources/hcsr04.png', 420, 438 ]
640 silly gunzTarPerm extractEntry doc/persistent.md
641 silly gunzTarPerm modified mode [ 'doc/persistent.md', 436, 438 ]
642 silly gunzTarPerm extractEntry doc/scopes.md
643 silly gunzTarPerm modified mode [ 'doc/scopes.md', 436, 438 ]
644 silly gunzTarPerm extractEntry resources/hcsr04.pxm
645 silly gunzTarPerm modified mode [ 'resources/hcsr04.pxm', 420, 438 ]
646 silly gunzTarPerm extractEntry resources/onoff.pxm
647 silly gunzTarPerm modified mode [ 'resources/onoff.pxm', 420, 438 ]
648 silly gunzTarPerm extractEntry doc/script.md
649 silly gunzTarPerm modified mode [ 'doc/script.md', 436, 438 ]
650 silly gunzTarPerm extractEntry doc/string_bytes.md
651 silly gunzTarPerm modified mode [ 'doc/string_bytes.md', 436, 438 ]
652 silly gunzTarPerm extractEntry resources/resistors.pxm
653 silly gunzTarPerm modified mode [ 'resources/resistors.pxm', 420, 438 ]
654 silly gunzTarPerm extractEntry doc/v8_internals.md
655 silly gunzTarPerm modified mode [ 'doc/v8_internals.md', 436, 438 ]
656 silly gunzTarPerm extractEntry doc/v8_misc.md
657 silly gunzTarPerm modified mode [ 'doc/v8_misc.md', 436, 438 ]
658 silly gunzTarPerm extractEntry test/gpio.test.js
659 silly gunzTarPerm modified mode [ 'test/gpio.test.js', 420, 438 ]
660 silly gunzTarPerm extractEntry test/package.test.js
661 silly gunzTarPerm modified mode [ 'test/package.test.js', 420, 438 ]
662 silly gunzTarPerm extractEntry nan.h
663 silly gunzTarPerm modified mode [ 'nan.h', 436, 438 ]
664 silly gunzTarPerm extractEntry nan_callbacks.h
665 silly gunzTarPerm modified mode [ 'nan_callbacks.h', 436, 438 ]
666 silly gunzTarPerm extractEntry nan_callbacks_12_inl.h
667 silly gunzTarPerm modified mode [ 'nan_callbacks_12_inl.h', 436, 438 ]
668 silly gunzTarPerm extractEntry nan_callbacks_pre_12_inl.h
669 silly gunzTarPerm modified mode [ 'nan_callbacks_pre_12_inl.h', 436, 438 ]
670 silly gunzTarPerm extractEntry nan_converters_43_inl.h
671 silly gunzTarPerm modified mode [ 'nan_converters_43_inl.h', 436, 438 ]
672 silly gunzTarPerm extractEntry nan_converters_pre_43_inl.h
673 silly gunzTarPerm modified mode [ 'nan_converters_pre_43_inl.h', 436, 438 ]
674 silly gunzTarPerm extractEntry nan_implementation_12_inl.h
675 silly gunzTarPerm modified mode [ 'nan_implementation_12_inl.h', 436, 438 ]
676 silly gunzTarPerm extractEntry nan_implementation_pre_12_inl.h
677 silly gunzTarPerm modified mode [ 'nan_implementation_pre_12_inl.h', 436, 438 ]
678 silly gunzTarPerm extractEntry nan_maybe_43_inl.h
679 silly gunzTarPerm modified mode [ 'nan_maybe_43_inl.h', 436, 438 ]
680 silly gunzTarPerm extractEntry nan_maybe_pre_43_inl.h
681 silly gunzTarPerm modified mode [ 'nan_maybe_pre_43_inl.h', 436, 438 ]
682 silly gunzTarPerm extractEntry nan_new.h
683 silly gunzTarPerm modified mode [ 'nan_new.h', 436, 438 ]
684 silly gunzTarPerm extractEntry nan_object_wrap.h
685 silly gunzTarPerm modified mode [ 'nan_object_wrap.h', 436, 438 ]
686 silly gunzTarPerm extractEntry nan_persistent_12_inl.h
687 silly gunzTarPerm modified mode [ 'nan_persistent_12_inl.h', 436, 438 ]
688 silly gunzTarPerm extractEntry nan_persistent_pre_12_inl.h
689 silly gunzTarPerm modified mode [ 'nan_persistent_pre_12_inl.h', 436, 438 ]
690 silly gunzTarPerm extractEntry nan_string_bytes.h
691 silly gunzTarPerm modified mode [ 'nan_string_bytes.h', 436, 438 ]
692 silly gunzTarPerm extractEntry nan_weak.h
693 silly gunzTarPerm modified mode [ 'nan_weak.h', 436, 438 ]
694 silly gunzTarPerm extractEntry CHANGELOG.md
695 silly gunzTarPerm modified mode [ 'CHANGELOG.md', 436, 438 ]
696 silly gunzTarPerm extractEntry tools/package.json
697 silly gunzTarPerm modified mode [ 'tools/package.json', 436, 438 ]
698 silly gunzTarPerm extractEntry tools/README.md
699 silly gunzTarPerm modified mode [ 'tools/README.md', 436, 438 ]
700 silly gunzTarPerm extractEntry tools/1to2.js
701 silly gunzTarPerm modified mode [ 'tools/1to2.js', 509, 511 ]
702 silly gentlyRm C:\Users\Andreas\git\TDT4140\node_modules\.staging\math-statistics-08bd823b\node_modules is being purged
703 verbose gentlyRm don't care about contents; nuking C:\Users\Andreas\git\TDT4140\node_modules\.staging\math-statistics-08bd823b\node_modules
704 silly gentlyRm C:\Users\Andreas\git\TDT4140\node_modules\.staging\expressive-assertion-91d9c191\node_modules is being purged
705 verbose gentlyRm don't care about contents; nuking C:\Users\Andreas\git\TDT4140\node_modules\.staging\expressive-assertion-91d9c191\node_modules
706 silly gentlyRm C:\Users\Andreas\git\TDT4140\node_modules\.staging\typesystem-69852c0c\node_modules is being purged
707 verbose gentlyRm don't care about contents; nuking C:\Users\Andreas\git\TDT4140\node_modules\.staging\typesystem-69852c0c\node_modules
708 silly gunzTarPerm extractEntry resources/resistors.pxm
709 silly gunzTarPerm modified mode [ 'resources/resistors.pxm', 420, 438 ]
710 silly gunzTarPerm extractEntry test/package.test.js
711 silly gunzTarPerm modified mode [ 'test/package.test.js', 420, 438 ]
712 silly gunzTarPerm extractEntry test/usonic.test.js
713 silly gunzTarPerm modified mode [ 'test/usonic.test.js', 420, 438 ]
714 silly gentlyRm C:\Users\Andreas\git\TDT4140\node_modules\.staging\r-pi-gpio-8116aad6\node_modules is being purged
715 verbose gentlyRm don't care about contents; nuking C:\Users\Andreas\git\TDT4140\node_modules\.staging\r-pi-gpio-8116aad6\node_modules
716 silly gentlyRm C:\Users\Andreas\git\TDT4140\node_modules\.staging\r-pi-usonic-f4efa7ab\node_modules is being purged
717 verbose gentlyRm don't care about contents; nuking C:\Users\Andreas\git\TDT4140\node_modules\.staging\r-pi-usonic-f4efa7ab\node_modules
718 silly gentlyRm C:\Users\Andreas\git\TDT4140\node_modules\.staging\nan-923fe163\node_modules is being purged
719 verbose gentlyRm don't care about contents; nuking C:\Users\Andreas\git\TDT4140\node_modules\.staging\nan-923fe163\node_modules
720 silly doParallel preinstall 6
721 silly preinstall expressive-assertion@1.5.1 C:\Users\Andreas\git\TDT4140\node_modules\.staging\expressive-assertion-91d9c191
722 info lifecycle expressive-assertion@1.5.1~preinstall: expressive-assertion@1.5.1
723 silly preinstall math-statistics@1.2.0 C:\Users\Andreas\git\TDT4140\node_modules\.staging\math-statistics-08bd823b
724 info lifecycle math-statistics@1.2.0~preinstall: math-statistics@1.2.0
725 silly preinstall nan@2.0.9 C:\Users\Andreas\git\TDT4140\node_modules\.staging\nan-923fe163
726 info lifecycle nan@2.0.9~preinstall: nan@2.0.9
727 silly preinstall typesystem@5.0.0 C:\Users\Andreas\git\TDT4140\node_modules\.staging\typesystem-69852c0c
728 info lifecycle typesystem@5.0.0~preinstall: typesystem@5.0.0
729 silly preinstall r-pi-gpio@3.0.0 C:\Users\Andreas\git\TDT4140\node_modules\.staging\r-pi-gpio-8116aad6
730 info lifecycle r-pi-gpio@3.0.0~preinstall: r-pi-gpio@3.0.0
731 silly preinstall r-pi-usonic@2.5.0 C:\Users\Andreas\git\TDT4140\node_modules\.staging\r-pi-usonic-f4efa7ab
732 info lifecycle r-pi-usonic@2.5.0~preinstall: r-pi-usonic@2.5.0
733 silly lifecycle expressive-assertion@1.5.1~preinstall: no script for preinstall, continuing
734 silly lifecycle math-statistics@1.2.0~preinstall: no script for preinstall, continuing
735 silly lifecycle nan@2.0.9~preinstall: no script for preinstall, continuing
736 silly lifecycle typesystem@5.0.0~preinstall: no script for preinstall, continuing
737 silly lifecycle r-pi-gpio@3.0.0~preinstall: no script for preinstall, continuing
738 silly lifecycle r-pi-usonic@2.5.0~preinstall: no script for preinstall, continuing
739 silly doReverseSerial remove 0
740 silly doSerial move 0
741 silly doSerial finalize 6
742 silly finalize C:\Users\Andreas\git\TDT4140\node_modules\expressive-assertion
743 silly finalize C:\Users\Andreas\git\TDT4140\node_modules\math-statistics
744 silly finalize C:\Users\Andreas\git\TDT4140\node_modules\nan
745 silly finalize C:\Users\Andreas\git\TDT4140\node_modules\typesystem
746 silly finalize C:\Users\Andreas\git\TDT4140\node_modules\r-pi-gpio
747 silly finalize C:\Users\Andreas\git\TDT4140\node_modules\r-pi-usonic
748 silly doSerial build 6
749 silly build expressive-assertion@1.5.1
750 info linkStuff expressive-assertion@1.5.1
751 silly linkStuff expressive-assertion@1.5.1 has C:\Users\Andreas\git\TDT4140\node_modules as its parent node_modules
752 verbose linkBins expressive-assertion@1.5.1
753 verbose linkMans expressive-assertion@1.5.1
754 silly build math-statistics@1.2.0
755 info linkStuff math-statistics@1.2.0
756 silly linkStuff math-statistics@1.2.0 has C:\Users\Andreas\git\TDT4140\node_modules as its parent node_modules
757 verbose linkBins math-statistics@1.2.0
758 verbose linkMans math-statistics@1.2.0
759 silly build nan@2.0.9
760 info linkStuff nan@2.0.9
761 silly linkStuff nan@2.0.9 has C:\Users\Andreas\git\TDT4140\node_modules as its parent node_modules
762 verbose linkBins nan@2.0.9
763 verbose linkMans nan@2.0.9
764 silly build typesystem@5.0.0
765 info linkStuff typesystem@5.0.0
766 silly linkStuff typesystem@5.0.0 has C:\Users\Andreas\git\TDT4140\node_modules as its parent node_modules
767 verbose linkBins typesystem@5.0.0
768 verbose linkMans typesystem@5.0.0
769 silly build r-pi-gpio@3.0.0
770 info linkStuff r-pi-gpio@3.0.0
771 silly linkStuff r-pi-gpio@3.0.0 has C:\Users\Andreas\git\TDT4140\node_modules as its parent node_modules
772 verbose linkBins r-pi-gpio@3.0.0
773 verbose linkMans r-pi-gpio@3.0.0
774 silly build r-pi-usonic@2.5.0
775 info linkStuff r-pi-usonic@2.5.0
776 silly linkStuff r-pi-usonic@2.5.0 has C:\Users\Andreas\git\TDT4140\node_modules as its parent node_modules
777 verbose linkBins r-pi-usonic@2.5.0
778 verbose linkMans r-pi-usonic@2.5.0
779 silly doSerial global-link 0
780 silly doParallel update-linked 0
781 silly doSerial install 6
782 silly install expressive-assertion@1.5.1 C:\Users\Andreas\git\TDT4140\node_modules\.staging\expressive-assertion-91d9c191
783 info lifecycle expressive-assertion@1.5.1~install: expressive-assertion@1.5.1
784 silly lifecycle expressive-assertion@1.5.1~install: no script for install, continuing
785 silly install math-statistics@1.2.0 C:\Users\Andreas\git\TDT4140\node_modules\.staging\math-statistics-08bd823b
786 info lifecycle math-statistics@1.2.0~install: math-statistics@1.2.0
787 silly lifecycle math-statistics@1.2.0~install: no script for install, continuing
788 silly install nan@2.0.9 C:\Users\Andreas\git\TDT4140\node_modules\.staging\nan-923fe163
789 info lifecycle nan@2.0.9~install: nan@2.0.9
790 silly lifecycle nan@2.0.9~install: no script for install, continuing
791 silly install typesystem@5.0.0 C:\Users\Andreas\git\TDT4140\node_modules\.staging\typesystem-69852c0c
792 info lifecycle typesystem@5.0.0~install: typesystem@5.0.0
793 silly lifecycle typesystem@5.0.0~install: no script for install, continuing
794 silly install r-pi-gpio@3.0.0 C:\Users\Andreas\git\TDT4140\node_modules\.staging\r-pi-gpio-8116aad6
795 info lifecycle r-pi-gpio@3.0.0~install: r-pi-gpio@3.0.0
796 verbose lifecycle r-pi-gpio@3.0.0~install: unsafe-perm in lifecycle true
797 verbose lifecycle r-pi-gpio@3.0.0~install: PATH: C:\Users\Andreas\AppData\Roaming\npm\node_modules\npm\bin\node-gyp-bin;C:\Users\Andreas\git\TDT4140\node_modules\r-pi-gpio\node_modules\.bin;C:\Users\Andreas\git\TDT4140\node_modules\.bin;C:\Program Files\nodejs;C:\ProgramData\Oracle\Java\javapath;C:\Program Files (x86)\Intel\iCLS Client\;C:\Program Files\Intel\iCLS Client\;C:\Windows\system32;C:\Windows;C:\Windows\System32\Wbem;C:\Windows\System32\WindowsPowerShell\v1.0\;C:\Program Files\Hewlett-Packard\SimplePass\;C:\Program Files (x86)\Windows Live\Shared;C:\Program Files (x86)\NVIDIA Corporation\PhysX\Common;C:\Program Files\Intel\WiFi\bin\;C:\Program Files\Common Files\Intel\WirelessCommon\;C:\WINDOWS\system32;C:\WINDOWS;C:\WINDOWS\System32\Wbem;C:\WINDOWS\System32\WindowsPowerShell\v1.0\;C:\Program Files\Git\cmd;C:\Program Files (x86)\Skype\Phone\;C:\Program Files (x86)\Intel\Intel(R) Management Engine Components\DAL;C:\Program Files\Intel\Intel(R) Management Engine Components\DAL;C:\Program Files (x86)\Intel\Intel(R) Management Engine Components\IPT;C:\Program Files\Intel\Intel(R) Management Engine Components\IPT;C:\Program Files (x86)\MySQL\MySQL Fabric 1.5.4 & MySQL Utilities 1.5.4 1.5\;C:\Program Files (x86)\MySQL\MySQL Fabric 1.5.4 & MySQL Utilities 1.5.4 1.5\Doctrine extensions for PHP\;C:\Program Files (x86)\Heroku\bin;C:\Program Files (x86)\git\cmd;C:\Program Files\nodejs\;PythonPath;C:\Python27;C:\Python27\Scripts;C:\Users\Andreas\AppData\Roaming\npm
798 verbose lifecycle r-pi-gpio@3.0.0~install: CWD: C:\Users\Andreas\git\TDT4140\node_modules\r-pi-gpio
799 silly lifecycle r-pi-gpio@3.0.0~install: Args: [ '/d /s /c', 'node-gyp configure build' ]
800 silly lifecycle r-pi-gpio@3.0.0~install: Returned: code: 1  signal: null
801 info lifecycle r-pi-gpio@3.0.0~install: Failed to exec install script
802 verbose unlock done using C:\Users\Andreas\AppData\Roaming\npm-cache\_locks\staging-6053f962a7c2ae16.lock for C:\Users\Andreas\git\TDT4140\node_modules\.staging
803 silly rollbackFailedOptional Starting
804 silly rollbackFailedOptional Finishing
805 silly runTopLevelLifecycles Starting
806 silly runTopLevelLifecycles Finishing
807 silly install printInstalled
808 warn enoent ENOENT: no such file or directory, open 'C:\Users\Andreas\git\TDT4140\package.json'
809 warn TDT4140 No description
810 warn TDT4140 No repository field.
811 warn TDT4140 No README data
812 warn TDT4140 No license field.
813 verbose stack Error: r-pi-gpio@3.0.0 install: `node-gyp configure build`
813 verbose stack Exit status 1
813 verbose stack     at EventEmitter.<anonymous> (C:\Users\Andreas\AppData\Roaming\npm\node_modules\npm\lib\utils\lifecycle.js:244:16)
813 verbose stack     at emitTwo (events.js:87:13)
813 verbose stack     at EventEmitter.emit (events.js:172:7)
813 verbose stack     at ChildProcess.<anonymous> (C:\Users\Andreas\AppData\Roaming\npm\node_modules\npm\lib\utils\spawn.js:24:14)
813 verbose stack     at emitTwo (events.js:87:13)
813 verbose stack     at ChildProcess.emit (events.js:172:7)
813 verbose stack     at maybeClose (internal/child_process.js:827:16)
813 verbose stack     at Process.ChildProcess._handle.onexit (internal/child_process.js:211:5)
814 verbose pkgid r-pi-gpio@3.0.0
815 verbose cwd C:\Users\Andreas\git\TDT4140
816 error Windows_NT 10.0.10586
817 error argv "C:\\Program Files\\nodejs\\node.exe" "C:\\Users\\Andreas\\AppData\\Roaming\\npm\\node_modules\\npm\\bin\\npm-cli.js" "install" "r-pi-usonic" "--save"
818 error node v4.4.3
819 error npm  v3.8.7
820 error code ELIFECYCLE
821 error r-pi-gpio@3.0.0 install: `node-gyp configure build`
821 error Exit status 1
822 error Failed at the r-pi-gpio@3.0.0 install script 'node-gyp configure build'.
822 error Make sure you have the latest version of node.js and npm installed.
822 error If you do, this is most likely a problem with the r-pi-gpio package,
822 error not with npm itself.
822 error Tell the author that this fails on your system:
822 error     node-gyp configure build
822 error You can get information on how to open an issue for this project with:
822 error     npm bugs r-pi-gpio
822 error Or if that isn't available, you can get their info via:
822 error     npm owner ls r-pi-gpio
822 error There is likely additional logging output above.
823 verbose exit [ 1, true ]
