0 info it worked if it ends with ok
1 verbose cli [ '/usr/bin/nodejs',
1 verbose cli   '/usr/bin/npm',
1 verbose cli   'install',
1 verbose cli   'r-pi-usonic',
1 verbose cli   '--save' ]
2 info using npm@1.4.21
3 info using node@v0.10.29
4 warn package.json sensor@0.10.29 No README data
5 verbose readDependencies using package.json deps
6 verbose cache add [ 'r-pi-usonic', null ]
7 verbose cache add name=undefined spec="r-pi-usonic" args=["r-pi-usonic",null]
8 verbose parsed url { protocol: null,
8 verbose parsed url   slashes: null,
8 verbose parsed url   auth: null,
8 verbose parsed url   host: null,
8 verbose parsed url   port: null,
8 verbose parsed url   hostname: null,
8 verbose parsed url   hash: null,
8 verbose parsed url   search: null,
8 verbose parsed url   query: null,
8 verbose parsed url   pathname: 'r-pi-usonic',
8 verbose parsed url   path: 'r-pi-usonic',
8 verbose parsed url   href: 'r-pi-usonic' }
9 silly lockFile 77bd298d-r-pi-usonic r-pi-usonic
10 verbose lock r-pi-usonic /home/pi/.npm/77bd298d-r-pi-usonic.lock
11 silly lockFile 77bd298d-r-pi-usonic r-pi-usonic
12 silly lockFile 77bd298d-r-pi-usonic r-pi-usonic
13 verbose addNamed [ 'r-pi-usonic', '' ]
14 verbose addNamed [ null, '*' ]
15 silly lockFile 0797177a-r-pi-usonic r-pi-usonic@
16 verbose lock r-pi-usonic@ /home/pi/.npm/0797177a-r-pi-usonic.lock
17 silly addNameRange { name: 'r-pi-usonic', range: '*', hasData: false }
18 verbose request where is /r-pi-usonic
19 verbose request registry https://registry.npmjs.org/
20 verbose request id 28a058ec038d5c60
21 verbose url raw /r-pi-usonic
22 verbose url resolving [ 'https://registry.npmjs.org/', './r-pi-usonic' ]
23 verbose url resolved https://registry.npmjs.org/r-pi-usonic
24 verbose request where is https://registry.npmjs.org/r-pi-usonic
25 info trying registry request attempt 1 at 13:34:41
26 verbose etag "CLRI8B1BEB60XFTKJRU7KPFRI"
27 http GET https://registry.npmjs.org/r-pi-usonic
28 http 304 https://registry.npmjs.org/r-pi-usonic
29 silly registry.get cb [ 304,
29 silly registry.get   { date: 'Fri, 22 Apr 2016 11:34:42 GMT',
29 silly registry.get     via: '1.1 varnish',
29 silly registry.get     'cache-control': 'max-age=300',
29 silly registry.get     etag: '"CLRI8B1BEB60XFTKJRU7KPFRI"',
29 silly registry.get     age: '0',
29 silly registry.get     connection: 'keep-alive',
29 silly registry.get     'x-served-by': 'cache-fra1236-FRA',
29 silly registry.get     'x-cache': 'MISS',
29 silly registry.get     'x-cache-hits': '0',
29 silly registry.get     'x-timer': 'S1461324882.071628,VS0,VE762',
29 silly registry.get     vary: 'Accept-Encoding' } ]
30 verbose etag https://registry.npmjs.org/r-pi-usonic from cache
31 silly addNameRange number 2 { name: 'r-pi-usonic', range: '*', hasData: true }
32 silly addNameRange versions [ 'r-pi-usonic',
32 silly addNameRange   [ '0.1.0',
32 silly addNameRange     '0.1.1',
32 silly addNameRange     '0.2.0',
32 silly addNameRange     '0.2.1',
32 silly addNameRange     '1.0.0',
32 silly addNameRange     '1.1.0',
32 silly addNameRange     '1.1.1',
32 silly addNameRange     '2.0.2',
32 silly addNameRange     '2.1.0',
32 silly addNameRange     '2.1.1',
32 silly addNameRange     '2.2.0',
32 silly addNameRange     '2.3.0',
32 silly addNameRange     '2.3.1',
32 silly addNameRange     '2.3.2',
32 silly addNameRange     '2.4.0',
32 silly addNameRange     '2.4.1',
32 silly addNameRange     '2.5.0' ] ]
33 verbose addNamed [ 'r-pi-usonic', '2.5.0' ]
34 verbose addNamed [ '2.5.0', '2.5.0' ]
35 silly lockFile be583677-r-pi-usonic-2-5-0 r-pi-usonic@2.5.0
36 verbose lock r-pi-usonic@2.5.0 /home/pi/.npm/be583677-r-pi-usonic-2-5-0.lock
37 warn deprecated r-pi-usonic@2.5.0: THIS PROJECT IS NO LONGER MAINTAINED by clebert
38 silly lockFile be583677-r-pi-usonic-2-5-0 r-pi-usonic@2.5.0
39 silly lockFile be583677-r-pi-usonic-2-5-0 r-pi-usonic@2.5.0
40 silly lockFile 0797177a-r-pi-usonic r-pi-usonic@
41 silly lockFile 0797177a-r-pi-usonic r-pi-usonic@
42 silly resolved [ { name: 'r-pi-usonic',
42 silly resolved     version: '2.5.0',
42 silly resolved     description: 'A high performance, memory mapped, Node.js API for the HC-SR04 ultrasonic sensor connected to a Raspberry Pi.',
42 silly resolved     keywords:
42 silly resolved      [ 'raspberry',
42 silly resolved        'pi',
42 silly resolved        'ultrasonic',
42 silly resolved        'sensor',
42 silly resolved        'hcsr04',
42 silly resolved        'gpio',
42 silly resolved        'mmap' ],
42 silly resolved     author:
42 silly resolved      { name: 'Clemens Akens',
42 silly resolved        email: 'clebert@me.com',
42 silly resolved        url: 'http://clebert.com/' },
42 silly resolved     bugs: { url: 'https://github.com/clebert/r-pi-usonic/issues' },
42 silly resolved     engines: { node: '>= 0.10.0' },
42 silly resolved     inceptionYear: 2014,
42 silly resolved     license: 'MIT',
42 silly resolved     main: 'lib/usonic.js',
42 silly resolved     repository:
42 silly resolved      { type: 'git',
42 silly resolved        url: 'git+https://github.com/clebert/r-pi-usonic.git' },
42 silly resolved     config: { 'mocha-cov-reporter': [Object] },
42 silly resolved     scripts: { install: 'node-gyp configure build', test: 'grunt' },
42 silly resolved     dependencies:
42 silly resolved      { 'expressive-assertion': '~1.5.1',
42 silly resolved        'math-statistics': '~1.2.0',
42 silly resolved        nan: '~2.0.8',
42 silly resolved        'r-pi-gpio': '~3.0.0',
42 silly resolved        typesystem: '~5.0.0' },
42 silly resolved     devDependencies:
42 silly resolved      { blanket: 'latest',
42 silly resolved        grunt: 'latest',
42 silly resolved        'grunt-bumpup': 'latest',
42 silly resolved        'grunt-cli': 'latest',
42 silly resolved        'grunt-contrib-jshint': 'latest',
42 silly resolved        'grunt-coveralls': 'latest',
42 silly resolved        'grunt-jscs': 'latest',
42 silly resolved        'grunt-mocha-test': 'latest',
42 silly resolved        'grunt-module': 'latest',
42 silly resolved        'load-grunt-tasks': 'latest',
42 silly resolved        mocha: 'latest',
42 silly resolved        'mocha-cov-reporter': 'latest',
42 silly resolved        'mocha-lcov-reporter': 'latest',
42 silly resolved        'node-mock': 'latest',
42 silly resolved        'time-grunt': 'latest' },
42 silly resolved     gitHead: '53520c44377049586ac57b23b4bf5386a05a27db',
42 silly resolved     homepage: 'https://github.com/clebert/r-pi-usonic#readme',
42 silly resolved     _id: 'r-pi-usonic@2.5.0',
42 silly resolved     _shasum: '11541bda92e020253ba9739310a82c7bd665788e',
42 silly resolved     _from: 'r-pi-usonic@',
42 silly resolved     _npmVersion: '2.14.2',
42 silly resolved     _nodeVersion: '4.0.0',
42 silly resolved     _npmUser: { name: 'clebert', email: 'clebert@me.com' },
42 silly resolved     maintainers: [ [Object] ],
42 silly resolved     dist:
42 silly resolved      { shasum: '11541bda92e020253ba9739310a82c7bd665788e',
42 silly resolved        tarball: 'https://registry.npmjs.org/r-pi-usonic/-/r-pi-usonic-2.5.0.tgz' },
42 silly resolved     deprecated: 'THIS PROJECT IS NO LONGER MAINTAINED by clebert',
42 silly resolved     directories: {},
42 silly resolved     _resolved: 'https://registry.npmjs.org/r-pi-usonic/-/r-pi-usonic-2.5.0.tgz',
42 silly resolved     readme: 'ERROR: No README data found!' } ]
43 info install r-pi-usonic@2.5.0 into /home/pi/java/TDT4140/ultrasonicsensor
44 info installOne r-pi-usonic@2.5.0
45 verbose node_modules/r-pi-usonic unbuild
46 verbose tar unpack /home/pi/.npm/r-pi-usonic/2.5.0/package.tgz
47 silly lockFile 00309f4e-csensor-node-modules-r-pi-usonic tar:///home/pi/java/TDT4140/ultrasonicsensor/node_modules/r-pi-usonic
48 verbose lock tar:///home/pi/java/TDT4140/ultrasonicsensor/node_modules/r-pi-usonic /home/pi/.npm/00309f4e-csensor-node-modules-r-pi-usonic.lock
49 silly lockFile 26321362-pm-r-pi-usonic-2-5-0-package-tgz tar:///home/pi/.npm/r-pi-usonic/2.5.0/package.tgz
50 verbose lock tar:///home/pi/.npm/r-pi-usonic/2.5.0/package.tgz /home/pi/.npm/26321362-pm-r-pi-usonic-2-5-0-package-tgz.lock
51 silly gunzTarPerm modes [ '755', '644' ]
52 silly gunzTarPerm extractEntry package.json
53 silly gunzTarPerm extractEntry .npmignore
54 silly gunzTarPerm extractEntry README.md
55 silly gunzTarPerm extractEntry LICENSE
56 silly gunzTarPerm extractEntry Gruntfile.js
57 silly gunzTarPerm extractEntry .jshintrc
58 silly gunzTarPerm extractEntry .travis.yml
59 silly gunzTarPerm extractEntry .editorconfig
60 silly gunzTarPerm extractEntry binding.gyp
61 silly gunzTarPerm extractEntry examples/surveyor.js
62 silly gunzTarPerm extractEntry lib/usonic.js
63 silly gunzTarPerm extractEntry src/clock.cc
64 silly gunzTarPerm extractEntry src/clock.h
65 silly gunzTarPerm extractEntry src/node_usonic.cc
66 silly gunzTarPerm extractEntry .jscsrc
67 silly gunzTarPerm extractEntry resources/hcsr04.png
68 silly gunzTarPerm extractEntry resources/hcsr04.pxm
69 silly gunzTarPerm extractEntry resources/resistors.pxm
70 silly gunzTarPerm extractEntry test/package.test.js
71 silly gunzTarPerm extractEntry test/usonic.test.js
72 silly lockFile 00309f4e-csensor-node-modules-r-pi-usonic tar:///home/pi/java/TDT4140/ultrasonicsensor/node_modules/r-pi-usonic
73 silly lockFile 00309f4e-csensor-node-modules-r-pi-usonic tar:///home/pi/java/TDT4140/ultrasonicsensor/node_modules/r-pi-usonic
74 silly lockFile 26321362-pm-r-pi-usonic-2-5-0-package-tgz tar:///home/pi/.npm/r-pi-usonic/2.5.0/package.tgz
75 silly lockFile 26321362-pm-r-pi-usonic-2-5-0-package-tgz tar:///home/pi/.npm/r-pi-usonic/2.5.0/package.tgz
76 info preinstall r-pi-usonic@2.5.0
77 verbose readDependencies using package.json deps
78 verbose readDependencies using package.json deps
79 verbose cache add [ 'math-statistics@~1.2.0', null ]
80 verbose cache add name=undefined spec="math-statistics@~1.2.0" args=["math-statistics@~1.2.0",null]
81 verbose parsed url { protocol: null,
81 verbose parsed url   slashes: null,
81 verbose parsed url   auth: null,
81 verbose parsed url   host: null,
81 verbose parsed url   port: null,
81 verbose parsed url   hostname: null,
81 verbose parsed url   hash: null,
81 verbose parsed url   search: null,
81 verbose parsed url   query: null,
81 verbose parsed url   pathname: 'math-statistics@~1.2.0',
81 verbose parsed url   path: 'math-statistics@~1.2.0',
81 verbose parsed url   href: 'math-statistics@~1.2.0' }
82 verbose cache add [ 'nan@~2.0.8', null ]
83 verbose cache add name=undefined spec="nan@~2.0.8" args=["nan@~2.0.8",null]
84 verbose parsed url { protocol: null,
84 verbose parsed url   slashes: null,
84 verbose parsed url   auth: null,
84 verbose parsed url   host: null,
84 verbose parsed url   port: null,
84 verbose parsed url   hostname: null,
84 verbose parsed url   hash: null,
84 verbose parsed url   search: null,
84 verbose parsed url   query: null,
84 verbose parsed url   pathname: 'nan@~2.0.8',
84 verbose parsed url   path: 'nan@~2.0.8',
84 verbose parsed url   href: 'nan@~2.0.8' }
85 verbose cache add name="math-statistics" spec="~1.2.0" args=["math-statistics","~1.2.0"]
86 verbose parsed url { protocol: null,
86 verbose parsed url   slashes: null,
86 verbose parsed url   auth: null,
86 verbose parsed url   host: null,
86 verbose parsed url   port: null,
86 verbose parsed url   hostname: null,
86 verbose parsed url   hash: null,
86 verbose parsed url   search: null,
86 verbose parsed url   query: null,
86 verbose parsed url   pathname: '~1.2.0',
86 verbose parsed url   path: '~1.2.0',
86 verbose parsed url   href: '~1.2.0' }
87 verbose addNamed [ 'math-statistics', '~1.2.0' ]
88 verbose addNamed [ null, '>=1.2.0-0 <1.3.0-0' ]
89 silly lockFile 50f01d9f-math-statistics-1-2-0 math-statistics@~1.2.0
90 verbose lock math-statistics@~1.2.0 /home/pi/.npm/50f01d9f-math-statistics-1-2-0.lock
91 verbose cache add name="nan" spec="~2.0.8" args=["nan","~2.0.8"]
92 verbose parsed url { protocol: null,
92 verbose parsed url   slashes: null,
92 verbose parsed url   auth: null,
92 verbose parsed url   host: null,
92 verbose parsed url   port: null,
92 verbose parsed url   hostname: null,
92 verbose parsed url   hash: null,
92 verbose parsed url   search: null,
92 verbose parsed url   query: null,
92 verbose parsed url   pathname: '~2.0.8',
92 verbose parsed url   path: '~2.0.8',
92 verbose parsed url   href: '~2.0.8' }
93 verbose addNamed [ 'nan', '~2.0.8' ]
94 verbose addNamed [ null, '>=2.0.8-0 <2.1.0-0' ]
95 silly lockFile 9600d8ec-nan-2-0-8 nan@~2.0.8
96 verbose lock nan@~2.0.8 /home/pi/.npm/9600d8ec-nan-2-0-8.lock
97 verbose cache add [ 'r-pi-gpio@~3.0.0', null ]
98 verbose cache add name=undefined spec="r-pi-gpio@~3.0.0" args=["r-pi-gpio@~3.0.0",null]
99 verbose parsed url { protocol: null,
99 verbose parsed url   slashes: null,
99 verbose parsed url   auth: null,
99 verbose parsed url   host: null,
99 verbose parsed url   port: null,
99 verbose parsed url   hostname: null,
99 verbose parsed url   hash: null,
99 verbose parsed url   search: null,
99 verbose parsed url   query: null,
99 verbose parsed url   pathname: 'r-pi-gpio@~3.0.0',
99 verbose parsed url   path: 'r-pi-gpio@~3.0.0',
99 verbose parsed url   href: 'r-pi-gpio@~3.0.0' }
100 verbose cache add [ 'typesystem@~5.0.0', null ]
101 verbose cache add name=undefined spec="typesystem@~5.0.0" args=["typesystem@~5.0.0",null]
102 verbose parsed url { protocol: null,
102 verbose parsed url   slashes: null,
102 verbose parsed url   auth: null,
102 verbose parsed url   host: null,
102 verbose parsed url   port: null,
102 verbose parsed url   hostname: null,
102 verbose parsed url   hash: null,
102 verbose parsed url   search: null,
102 verbose parsed url   query: null,
102 verbose parsed url   pathname: 'typesystem@~5.0.0',
102 verbose parsed url   path: 'typesystem@~5.0.0',
102 verbose parsed url   href: 'typesystem@~5.0.0' }
103 verbose cache add [ 'expressive-assertion@~1.5.1', null ]
104 verbose cache add name=undefined spec="expressive-assertion@~1.5.1" args=["expressive-assertion@~1.5.1",null]
105 verbose parsed url { protocol: null,
105 verbose parsed url   slashes: null,
105 verbose parsed url   auth: null,
105 verbose parsed url   host: null,
105 verbose parsed url   port: null,
105 verbose parsed url   hostname: null,
105 verbose parsed url   hash: null,
105 verbose parsed url   search: null,
105 verbose parsed url   query: null,
105 verbose parsed url   pathname: 'expressive-assertion@~1.5.1',
105 verbose parsed url   path: 'expressive-assertion@~1.5.1',
105 verbose parsed url   href: 'expressive-assertion@~1.5.1' }
106 verbose cache add name="r-pi-gpio" spec="~3.0.0" args=["r-pi-gpio","~3.0.0"]
107 verbose parsed url { protocol: null,
107 verbose parsed url   slashes: null,
107 verbose parsed url   auth: null,
107 verbose parsed url   host: null,
107 verbose parsed url   port: null,
107 verbose parsed url   hostname: null,
107 verbose parsed url   hash: null,
107 verbose parsed url   search: null,
107 verbose parsed url   query: null,
107 verbose parsed url   pathname: '~3.0.0',
107 verbose parsed url   path: '~3.0.0',
107 verbose parsed url   href: '~3.0.0' }
108 verbose addNamed [ 'r-pi-gpio', '~3.0.0' ]
109 verbose addNamed [ null, '>=3.0.0-0 <3.1.0-0' ]
110 silly lockFile 04cb977a-r-pi-gpio-3-0-0 r-pi-gpio@~3.0.0
111 verbose lock r-pi-gpio@~3.0.0 /home/pi/.npm/04cb977a-r-pi-gpio-3-0-0.lock
112 verbose cache add name="typesystem" spec="~5.0.0" args=["typesystem","~5.0.0"]
113 verbose parsed url { protocol: null,
113 verbose parsed url   slashes: null,
113 verbose parsed url   auth: null,
113 verbose parsed url   host: null,
113 verbose parsed url   port: null,
113 verbose parsed url   hostname: null,
113 verbose parsed url   hash: null,
113 verbose parsed url   search: null,
113 verbose parsed url   query: null,
113 verbose parsed url   pathname: '~5.0.0',
113 verbose parsed url   path: '~5.0.0',
113 verbose parsed url   href: '~5.0.0' }
114 verbose addNamed [ 'typesystem', '~5.0.0' ]
115 verbose addNamed [ null, '>=5.0.0-0 <5.1.0-0' ]
116 silly lockFile 2c4901e2-typesystem-5-0-0 typesystem@~5.0.0
117 verbose lock typesystem@~5.0.0 /home/pi/.npm/2c4901e2-typesystem-5-0-0.lock
118 verbose cache add name="expressive-assertion" spec="~1.5.1" args=["expressive-assertion","~1.5.1"]
119 verbose parsed url { protocol: null,
119 verbose parsed url   slashes: null,
119 verbose parsed url   auth: null,
119 verbose parsed url   host: null,
119 verbose parsed url   port: null,
119 verbose parsed url   hostname: null,
119 verbose parsed url   hash: null,
119 verbose parsed url   search: null,
119 verbose parsed url   query: null,
119 verbose parsed url   pathname: '~1.5.1',
119 verbose parsed url   path: '~1.5.1',
119 verbose parsed url   href: '~1.5.1' }
120 verbose addNamed [ 'expressive-assertion', '~1.5.1' ]
121 verbose addNamed [ null, '>=1.5.1-0 <1.6.0-0' ]
122 silly lockFile bc122d30-expressive-assertion-1-5-1 expressive-assertion@~1.5.1
123 verbose lock expressive-assertion@~1.5.1 /home/pi/.npm/bc122d30-expressive-assertion-1-5-1.lock
124 silly addNameRange { name: 'math-statistics',
124 silly addNameRange   range: '>=1.2.0-0 <1.3.0-0',
124 silly addNameRange   hasData: false }
125 silly addNameRange { name: 'nan', range: '>=2.0.8-0 <2.1.0-0', hasData: false }
126 silly addNameRange { name: 'r-pi-gpio',
126 silly addNameRange   range: '>=3.0.0-0 <3.1.0-0',
126 silly addNameRange   hasData: false }
127 silly addNameRange { name: 'typesystem',
127 silly addNameRange   range: '>=5.0.0-0 <5.1.0-0',
127 silly addNameRange   hasData: false }
128 silly addNameRange { name: 'expressive-assertion',
128 silly addNameRange   range: '>=1.5.1-0 <1.6.0-0',
128 silly addNameRange   hasData: false }
129 verbose request where is /math-statistics
130 verbose request registry https://registry.npmjs.org/
131 verbose url raw /math-statistics
132 verbose url resolving [ 'https://registry.npmjs.org/', './math-statistics' ]
133 verbose url resolved https://registry.npmjs.org/math-statistics
134 verbose request where is https://registry.npmjs.org/math-statistics
135 info trying registry request attempt 1 at 13:34:44
136 verbose etag "4XP0G18O7M8Q35KUMGT1YXLHM"
137 http GET https://registry.npmjs.org/math-statistics
138 verbose request where is /nan
139 verbose request registry https://registry.npmjs.org/
140 verbose url raw /nan
141 verbose url resolving [ 'https://registry.npmjs.org/', './nan' ]
142 verbose url resolved https://registry.npmjs.org/nan
143 verbose request where is https://registry.npmjs.org/nan
144 info trying registry request attempt 1 at 13:34:44
145 verbose etag "BAF0CH6FX7ZGID84VMUQ15OTR"
146 http GET https://registry.npmjs.org/nan
147 verbose request where is /r-pi-gpio
148 verbose request registry https://registry.npmjs.org/
149 verbose url raw /r-pi-gpio
150 verbose url resolving [ 'https://registry.npmjs.org/', './r-pi-gpio' ]
151 verbose url resolved https://registry.npmjs.org/r-pi-gpio
152 verbose request where is https://registry.npmjs.org/r-pi-gpio
153 info trying registry request attempt 1 at 13:34:44
154 verbose etag "6CHBFBYRSBSCHE6EAE4S5JNTZ"
155 http GET https://registry.npmjs.org/r-pi-gpio
156 verbose request where is /typesystem
157 verbose request registry https://registry.npmjs.org/
158 verbose url raw /typesystem
159 verbose url resolving [ 'https://registry.npmjs.org/', './typesystem' ]
160 verbose url resolved https://registry.npmjs.org/typesystem
161 verbose request where is https://registry.npmjs.org/typesystem
162 info trying registry request attempt 1 at 13:34:44
163 verbose etag "3SDPCIEHE5O8YWM7F1ZBASN8C"
164 http GET https://registry.npmjs.org/typesystem
165 verbose request where is /expressive-assertion
166 verbose request registry https://registry.npmjs.org/
167 verbose url raw /expressive-assertion
168 verbose url resolving [ 'https://registry.npmjs.org/', './expressive-assertion' ]
169 verbose url resolved https://registry.npmjs.org/expressive-assertion
170 verbose request where is https://registry.npmjs.org/expressive-assertion
171 info trying registry request attempt 1 at 13:34:44
172 verbose etag "72O0Y6C4X81PXYX9PY66NJV3E"
173 http GET https://registry.npmjs.org/expressive-assertion
174 http 304 https://registry.npmjs.org/nan
175 silly registry.get cb [ 304,
175 silly registry.get   { date: 'Fri, 22 Apr 2016 11:34:44 GMT',
175 silly registry.get     via: '1.1 varnish',
175 silly registry.get     'cache-control': 'max-age=300',
175 silly registry.get     etag: '"BAF0CH6FX7ZGID84VMUQ15OTR"',
175 silly registry.get     age: '3',
175 silly registry.get     connection: 'keep-alive',
175 silly registry.get     'x-served-by': 'cache-fra1228-FRA',
175 silly registry.get     'x-cache': 'HIT',
175 silly registry.get     'x-cache-hits': '2',
175 silly registry.get     'x-timer': 'S1461324884.615586,VS0,VE0',
175 silly registry.get     vary: 'Accept-Encoding' } ]
176 verbose etag https://registry.npmjs.org/nan from cache
177 silly addNameRange number 2 { name: 'nan', range: '>=2.0.8-0 <2.1.0-0', hasData: true }
178 silly addNameRange versions [ 'nan',
178 silly addNameRange   [ '0.3.0-wip',
178 silly addNameRange     '0.3.0-wip2',
178 silly addNameRange     '0.3.0',
178 silly addNameRange     '0.3.1',
178 silly addNameRange     '0.3.2',
178 silly addNameRange     '0.4.0',
178 silly addNameRange     '0.4.1',
178 silly addNameRange     '0.4.2',
178 silly addNameRange     '0.4.3',
178 silly addNameRange     '0.4.4',
178 silly addNameRange     '0.5.0',
178 silly addNameRange     '0.5.1',
178 silly addNameRange     '0.5.2',
178 silly addNameRange     '0.6.0',
178 silly addNameRange     '0.7.0',
178 silly addNameRange     '0.7.1',
178 silly addNameRange     '0.8.0',
178 silly addNameRange     '1.0.0',
178 silly addNameRange     '1.1.0',
178 silly addNameRange     '1.1.1',
178 silly addNameRange     '1.1.2',
178 silly addNameRange     '1.2.0',
178 silly addNameRange     '1.3.0',
178 silly addNameRange     '1.4.0',
178 silly addNameRange     '1.4.1',
178 silly addNameRange     '1.5.0',
178 silly addNameRange     '1.4.2',
178 silly addNameRange     '1.4.3',
178 silly addNameRange     '1.5.1',
178 silly addNameRange     '1.5.2',
178 silly addNameRange     '1.6.0',
178 silly addNameRange     '1.5.3',
178 silly addNameRange     '1.6.1',
178 silly addNameRange     '1.6.2',
178 silly addNameRange     '1.7.0',
178 silly addNameRange     '1.8.0',
178 silly addNameRange     '1.8.1',
178 silly addNameRange     '1.8.2',
178 silly addNameRange     '1.8.3',
178 silly addNameRange     '1.8.4',
178 silly addNameRange     '1.9.0',
178 silly addNameRange     '2.0.0',
178 silly addNameRange     '2.0.1',
178 silly addNameRange     '2.0.2',
178 silly addNameRange     '2.0.3',
178 silly addNameRange     '2.0.4',
178 silly addNameRange     '2.0.5',
178 silly addNameRange     '2.0.6',
178 silly addNameRange     '2.0.7',
178 silly addNameRange     '2.0.8',
178 silly addNameRange     '2.0.9',
178 silly addNameRange     '2.1.0',
178 silly addNameRange     '2.2.0',
178 silly addNameRange     '2.2.1' ] ]
179 verbose addNamed [ 'nan', '2.0.9' ]
180 verbose addNamed [ '2.0.9', '2.0.9' ]
181 silly lockFile ed3fc59b-nan-2-0-9 nan@2.0.9
182 verbose lock nan@2.0.9 /home/pi/.npm/ed3fc59b-nan-2-0-9.lock
183 silly lockFile ed3fc59b-nan-2-0-9 nan@2.0.9
184 silly lockFile ed3fc59b-nan-2-0-9 nan@2.0.9
185 silly lockFile 9600d8ec-nan-2-0-8 nan@~2.0.8
186 silly lockFile 9600d8ec-nan-2-0-8 nan@~2.0.8
187 http 304 https://registry.npmjs.org/math-statistics
188 silly registry.get cb [ 304,
188 silly registry.get   { date: 'Fri, 22 Apr 2016 11:34:44 GMT',
188 silly registry.get     via: '1.1 varnish',
188 silly registry.get     'cache-control': 'max-age=300',
188 silly registry.get     etag: '"4XP0G18O7M8Q35KUMGT1YXLHM"',
188 silly registry.get     age: '0',
188 silly registry.get     connection: 'keep-alive',
188 silly registry.get     'x-served-by': 'cache-fra1243-FRA',
188 silly registry.get     'x-cache': 'MISS',
188 silly registry.get     'x-cache-hits': '0',
188 silly registry.get     'x-timer': 'S1461324884.612932,VS0,VE204',
188 silly registry.get     vary: 'Accept-Encoding' } ]
189 verbose etag https://registry.npmjs.org/math-statistics from cache
190 silly addNameRange number 2 { name: 'math-statistics',
190 silly addNameRange   range: '>=1.2.0-0 <1.3.0-0',
190 silly addNameRange   hasData: true }
191 silly addNameRange versions [ 'math-statistics',
191 silly addNameRange   [ '0.1.0',
191 silly addNameRange     '1.0.0',
191 silly addNameRange     '1.0.1',
191 silly addNameRange     '1.0.2',
191 silly addNameRange     '1.0.3',
191 silly addNameRange     '1.1.0',
191 silly addNameRange     '1.1.1',
191 silly addNameRange     '1.1.2',
191 silly addNameRange     '1.1.3',
191 silly addNameRange     '1.2.0' ] ]
192 verbose addNamed [ 'math-statistics', '1.2.0' ]
193 verbose addNamed [ '1.2.0', '1.2.0' ]
194 silly lockFile 08371872-math-statistics-1-2-0 math-statistics@1.2.0
195 verbose lock math-statistics@1.2.0 /home/pi/.npm/08371872-math-statistics-1-2-0.lock
196 warn deprecated math-statistics@1.2.0: THIS PROJECT IS NO LONGER MAINTAINED by clebert
197 silly lockFile 08371872-math-statistics-1-2-0 math-statistics@1.2.0
198 silly lockFile 08371872-math-statistics-1-2-0 math-statistics@1.2.0
199 silly lockFile 50f01d9f-math-statistics-1-2-0 math-statistics@~1.2.0
200 silly lockFile 50f01d9f-math-statistics-1-2-0 math-statistics@~1.2.0
201 http 304 https://registry.npmjs.org/typesystem
202 silly registry.get cb [ 304,
202 silly registry.get   { date: 'Fri, 22 Apr 2016 11:34:44 GMT',
202 silly registry.get     via: '1.1 varnish',
202 silly registry.get     'cache-control': 'max-age=300',
202 silly registry.get     etag: '"3SDPCIEHE5O8YWM7F1ZBASN8C"',
202 silly registry.get     age: '0',
202 silly registry.get     connection: 'keep-alive',
202 silly registry.get     'x-served-by': 'cache-fra1231-FRA',
202 silly registry.get     'x-cache': 'MISS',
202 silly registry.get     'x-cache-hits': '0',
202 silly registry.get     'x-timer': 'S1461324884.658324,VS0,VE633',
202 silly registry.get     vary: 'Accept-Encoding' } ]
203 verbose etag https://registry.npmjs.org/typesystem from cache
204 http 304 https://registry.npmjs.org/r-pi-gpio
205 silly registry.get cb [ 304,
205 silly registry.get   { date: 'Fri, 22 Apr 2016 11:34:44 GMT',
205 silly registry.get     via: '1.1 varnish',
205 silly registry.get     'cache-control': 'max-age=300',
205 silly registry.get     etag: '"6CHBFBYRSBSCHE6EAE4S5JNTZ"',
205 silly registry.get     age: '0',
205 silly registry.get     connection: 'keep-alive',
205 silly registry.get     'x-served-by': 'cache-ams4147-AMS',
205 silly registry.get     'x-cache': 'MISS',
205 silly registry.get     'x-cache-hits': '0',
205 silly registry.get     'x-timer': 'S1461324884.617616,VS0,VE700',
205 silly registry.get     vary: 'Accept-Encoding' } ]
206 verbose etag https://registry.npmjs.org/r-pi-gpio from cache
207 silly addNameRange number 2 { name: 'typesystem',
207 silly addNameRange   range: '>=5.0.0-0 <5.1.0-0',
207 silly addNameRange   hasData: true }
208 silly addNameRange versions [ 'typesystem',
208 silly addNameRange   [ '0.1.0',
208 silly addNameRange     '0.2.0',
208 silly addNameRange     '0.2.1',
208 silly addNameRange     '0.2.2',
208 silly addNameRange     '0.2.3',
208 silly addNameRange     '0.3.0',
208 silly addNameRange     '0.4.0',
208 silly addNameRange     '1.0.0',
208 silly addNameRange     '1.1.0',
208 silly addNameRange     '1.2.0',
208 silly addNameRange     '1.2.1',
208 silly addNameRange     '1.2.2',
208 silly addNameRange     '1.2.3',
208 silly addNameRange     '1.2.4',
208 silly addNameRange     '2.0.0',
208 silly addNameRange     '2.1.0',
208 silly addNameRange     '2.2.0',
208 silly addNameRange     '2.2.1',
208 silly addNameRange     '2.2.2',
208 silly addNameRange     '3.0.0',
208 silly addNameRange     '3.1.0',
208 silly addNameRange     '3.1.1',
208 silly addNameRange     '3.2.0',
208 silly addNameRange     '3.3.0',
208 silly addNameRange     '3.4.0',
208 silly addNameRange     '3.5.0',
208 silly addNameRange     '3.6.0',
208 silly addNameRange     '3.6.1',
208 silly addNameRange     '3.7.0',
208 silly addNameRange     '4.0.0',
208 silly addNameRange     '4.1.0',
208 silly addNameRange     '5.0.0' ] ]
209 verbose addNamed [ 'typesystem', '5.0.0' ]
210 verbose addNamed [ '5.0.0', '5.0.0' ]
211 silly lockFile 4c698835-typesystem-5-0-0 typesystem@5.0.0
212 verbose lock typesystem@5.0.0 /home/pi/.npm/4c698835-typesystem-5-0-0.lock
213 warn deprecated typesystem@5.0.0: THIS PROJECT IS NO LONGER MAINTAINED by clebert
214 silly addNameRange number 2 { name: 'r-pi-gpio', range: '>=3.0.0-0 <3.1.0-0', hasData: true }
215 silly addNameRange versions [ 'r-pi-gpio',
215 silly addNameRange   [ '0.1.0',
215 silly addNameRange     '1.0.0',
215 silly addNameRange     '1.0.1',
215 silly addNameRange     '2.0.0',
215 silly addNameRange     '2.0.1',
215 silly addNameRange     '2.1.0',
215 silly addNameRange     '2.1.1',
215 silly addNameRange     '2.1.2',
215 silly addNameRange     '2.1.3',
215 silly addNameRange     '2.2.0',
215 silly addNameRange     '2.2.1',
215 silly addNameRange     '2.2.2',
215 silly addNameRange     '2.2.3',
215 silly addNameRange     '3.0.0' ] ]
216 verbose addNamed [ 'r-pi-gpio', '3.0.0' ]
217 verbose addNamed [ '3.0.0', '3.0.0' ]
218 silly lockFile 1eab15d0-r-pi-gpio-3-0-0 r-pi-gpio@3.0.0
219 verbose lock r-pi-gpio@3.0.0 /home/pi/.npm/1eab15d0-r-pi-gpio-3-0-0.lock
220 http 304 https://registry.npmjs.org/expressive-assertion
221 silly registry.get cb [ 304,
221 silly registry.get   { date: 'Fri, 22 Apr 2016 11:34:44 GMT',
221 silly registry.get     via: '1.1 varnish',
221 silly registry.get     'cache-control': 'max-age=300',
221 silly registry.get     etag: '"72O0Y6C4X81PXYX9PY66NJV3E"',
221 silly registry.get     age: '0',
221 silly registry.get     connection: 'keep-alive',
221 silly registry.get     'x-served-by': 'cache-fra1238-FRA',
221 silly registry.get     'x-cache': 'MISS',
221 silly registry.get     'x-cache-hits': '0',
221 silly registry.get     'x-timer': 'S1461324884.622973,VS0,VE758',
221 silly registry.get     vary: 'Accept-Encoding' } ]
222 verbose etag https://registry.npmjs.org/expressive-assertion from cache
223 warn deprecated r-pi-gpio@3.0.0: THIS PROJECT IS NO LONGER MAINTAINED by clebert
224 silly lockFile 4c698835-typesystem-5-0-0 typesystem@5.0.0
225 silly lockFile 4c698835-typesystem-5-0-0 typesystem@5.0.0
226 silly lockFile 2c4901e2-typesystem-5-0-0 typesystem@~5.0.0
227 silly lockFile 2c4901e2-typesystem-5-0-0 typesystem@~5.0.0
228 silly lockFile 1eab15d0-r-pi-gpio-3-0-0 r-pi-gpio@3.0.0
229 silly lockFile 1eab15d0-r-pi-gpio-3-0-0 r-pi-gpio@3.0.0
230 silly lockFile 04cb977a-r-pi-gpio-3-0-0 r-pi-gpio@~3.0.0
231 silly lockFile 04cb977a-r-pi-gpio-3-0-0 r-pi-gpio@~3.0.0
232 silly addNameRange number 2 { name: 'expressive-assertion',
232 silly addNameRange   range: '>=1.5.1-0 <1.6.0-0',
232 silly addNameRange   hasData: true }
233 silly addNameRange versions [ 'expressive-assertion',
233 silly addNameRange   [ '0.1.0',
233 silly addNameRange     '1.0.0',
233 silly addNameRange     '1.1.0',
233 silly addNameRange     '1.2.0',
233 silly addNameRange     '1.3.0',
233 silly addNameRange     '1.4.0',
233 silly addNameRange     '1.4.1',
233 silly addNameRange     '1.5.0',
233 silly addNameRange     '1.5.1' ] ]
234 verbose addNamed [ 'expressive-assertion', '1.5.1' ]
235 verbose addNamed [ '1.5.1', '1.5.1' ]
236 silly lockFile 2be3c9a2-expressive-assertion-1-5-1 expressive-assertion@1.5.1
237 verbose lock expressive-assertion@1.5.1 /home/pi/.npm/2be3c9a2-expressive-assertion-1-5-1.lock
238 warn deprecated expressive-assertion@1.5.1: THIS PROJECT IS NO LONGER MAINTAINED by clebert
239 silly lockFile 2be3c9a2-expressive-assertion-1-5-1 expressive-assertion@1.5.1
240 silly lockFile 2be3c9a2-expressive-assertion-1-5-1 expressive-assertion@1.5.1
241 silly lockFile bc122d30-expressive-assertion-1-5-1 expressive-assertion@~1.5.1
242 silly lockFile bc122d30-expressive-assertion-1-5-1 expressive-assertion@~1.5.1
243 silly resolved [ { name: 'nan',
243 silly resolved     version: '2.0.9',
243 silly resolved     description: 'Native Abstractions for Node.js: C++ header for Node 0.8 -> 4 compatibility',
243 silly resolved     main: 'include_dirs.js',
243 silly resolved     repository: { type: 'git', url: 'git://github.com/nodejs/nan.git' },
243 silly resolved     scripts:
243 silly resolved      { test: 'tap --gc test/js/*-test.js',
243 silly resolved        'rebuild-tests': 'pangyp rebuild --msvs_version=2013 --directory test',
243 silly resolved        docs: 'doc/.build.sh' },
243 silly resolved     contributors:
243 silly resolved      [ [Object],
243 silly resolved        [Object],
243 silly resolved        [Object],
243 silly resolved        [Object],
243 silly resolved        [Object],
243 silly resolved        [Object],
243 silly resolved        [Object] ],
243 silly resolved     devDependencies:
243 silly resolved      { bindings: '~1.2.1',
243 silly resolved        commander: '^2.8.1',
243 silly resolved        glob: '^5.0.14',
243 silly resolved        'node-gyp': '~2.0.2',
243 silly resolved        pangyp: '~2.2.0',
243 silly resolved        tap: '~0.7.1',
243 silly resolved        xtend: '~4.0.0' },
243 silly resolved     license: 'MIT',
243 silly resolved     bugs: { url: 'https://github.com/nodejs/nan/issues' },
243 silly resolved     homepage: 'https://github.com/nodejs/nan#readme',
243 silly resolved     _id: 'nan@2.0.9',
243 silly resolved     _shasum: 'd02a770f46778842cceb94e17cab31ffc7234a05',
243 silly resolved     _resolved: 'https://registry.npmjs.org/nan/-/nan-2.0.9.tgz',
243 silly resolved     _from: 'nan@~2.0.8',
243 silly resolved     _npmVersion: '2.14.2',
243 silly resolved     _nodeVersion: '4.0.0',
243 silly resolved     _npmUser: { name: 'kkoopa', email: 'bbyholm@abo.fi' },
243 silly resolved     maintainers: [ [Object], [Object] ],
243 silly resolved     dist:
243 silly resolved      { shasum: 'd02a770f46778842cceb94e17cab31ffc7234a05',
243 silly resolved        tarball: 'https://registry.npmjs.org/nan/-/nan-2.0.9.tgz' },
243 silly resolved     directories: {},
243 silly resolved     readme: 'ERROR: No README data found!' },
243 silly resolved   { name: 'math-statistics',
243 silly resolved     version: '1.2.0',
243 silly resolved     description: 'This module provides functions for statistical data analysis.',
243 silly resolved     keywords: [ 'statistical', 'data', 'analysis', 'mean', 'median' ],
243 silly resolved     author:
243 silly resolved      { name: 'Clemens Akens',
243 silly resolved        email: 'clebert@me.com',
243 silly resolved        url: 'http://clebert.com/' },
243 silly resolved     bugs: { url: 'https://github.com/clebert/math-statistics/issues' },
243 silly resolved     engines: { node: '>= 0.10.0' },
243 silly resolved     inceptionYear: 2014,
243 silly resolved     licenses: [ [Object] ],
243 silly resolved     main: 'lib/statistics.js',
243 silly resolved     repository:
243 silly resolved      { type: 'git',
243 silly resolved        url: 'https://github.com/clebert/math-statistics.git' },
243 silly resolved     config: { 'mocha-cov-reporter': [Object] },
243 silly resolved     scripts: { test: 'grunt' },
243 silly resolved     devDependencies:
243 silly resolved      { blanket: 'latest',
243 silly resolved        'expressive-assertion': 'latest',
243 silly resolved        grunt: 'latest',
243 silly resolved        'grunt-bumpup': 'latest',
243 silly resolved        'grunt-cli': 'latest',
243 silly resolved        'grunt-contrib-jshint': 'latest',
243 silly resolved        'grunt-coveralls': 'latest',
243 silly resolved        'grunt-jscs': 'latest',
243 silly resolved        'grunt-mocha-test': 'latest',
243 silly resolved        'grunt-module': 'latest',
243 silly resolved        'load-grunt-tasks': 'latest',
243 silly resolved        'mocha-cov-reporter': 'latest',
243 silly resolved        'mocha-lcov-reporter': 'latest',
243 silly resolved        'time-grunt': 'latest' },
243 silly resolved     gitHead: '021bf8d58d713c5abcccfa5981c08e30d9015b91',
243 silly resolved     homepage: 'https://github.com/clebert/math-statistics',
243 silly resolved     _id: 'math-statistics@1.2.0',
243 silly resolved     _shasum: '1d9c7c887e7094be693c31adc6988e9328f27477',
243 silly resolved     _from: 'math-statistics@~1.2.0',
243 silly resolved     _npmVersion: '2.3.0',
243 silly resolved     _nodeVersion: '1.0.4',
243 silly resolved     _npmUser: { name: 'clebert', email: 'clebert@me.com' },
243 silly resolved     maintainers: [ [Object] ],
243 silly resolved     dist:
243 silly resolved      { shasum: '1d9c7c887e7094be693c31adc6988e9328f27477',
243 silly resolved        tarball: 'https://registry.npmjs.org/math-statistics/-/math-statistics-1.2.0.tgz' },
243 silly resolved     deprecated: 'THIS PROJECT IS NO LONGER MAINTAINED by clebert',
243 silly resolved     directories: {},
243 silly resolved     _resolved: 'https://registry.npmjs.org/math-statistics/-/math-statistics-1.2.0.tgz',
243 silly resolved     readme: 'ERROR: No README data found!' },
243 silly resolved   { name: 'typesystem',
243 silly resolved     version: '5.0.0',
243 silly resolved     description: 'Better type checking for JavaScript.',
243 silly resolved     keywords: [ 'type', 'checking', 'typeof', 'predicate' ],
243 silly resolved     author:
243 silly resolved      { name: 'Clemens Akens',
243 silly resolved        email: 'clebert@me.com',
243 silly resolved        url: 'http://clebert.com/' },
243 silly resolved     bugs: { url: 'https://github.com/clebert/typesystem/issues' },
243 silly resolved     engines: { node: '>= 0.10.0' },
243 silly resolved     inceptionYear: 2014,
243 silly resolved     licenses: [ [Object] ],
243 silly resolved     main: 'lib/ts.js',
243 silly resolved     repository:
243 silly resolved      { type: 'git',
243 silly resolved        url: 'https://github.com/clebert/typesystem.git' },
243 silly resolved     config: { 'mocha-cov-reporter': [Object] },
243 silly resolved     scripts: { test: 'grunt' },
243 silly resolved     devDependencies:
243 silly resolved      { blanket: 'latest',
243 silly resolved        'expressive-assertion': 'latest',
243 silly resolved        grunt: 'latest',
243 silly resolved        'grunt-bumpup': 'latest',
243 silly resolved        'grunt-cli': 'latest',
243 silly resolved        'grunt-contrib-jshint': 'latest',
243 silly resolved        'grunt-coveralls': 'latest',
243 silly resolved        'grunt-jscs': 'latest',
243 silly resolved        'grunt-karma': 'latest',
243 silly resolved        'grunt-mocha-test': 'latest',
243 silly resolved        'grunt-module': 'latest',
243 silly resolved        karma: 'latest',
243 silly resolved        'karma-browserify': 'latest',
243 silly resolved        'karma-mocha': 'latest',
243 silly resolved        'karma-sauce-launcher': 'latest',
243 silly resolved        'karma-spec-reporter': 'latest',
243 silly resolved        'load-grunt-tasks': 'latest',
243 silly resolved        'mocha-cov-reporter': 'latest',
243 silly resolved        'mocha-lcov-reporter': 'latest',
243 silly resolved        'time-grunt': 'latest' },
243 silly resolved     gitHead: 'a4969f4e52b920dab1dc943ec90337a23fc0580e',
243 silly resolved     homepage: 'https://github.com/clebert/typesystem',
243 silly resolved     _id: 'typesystem@5.0.0',
243 silly resolved     _shasum: 'b8c74eee328a905fb155df8c90523a54461b5bd7',
243 silly resolved     _from: 'typesystem@~5.0.0',
243 silly resolved     _npmVersion: '2.2.0',
243 silly resolved     _nodeVersion: '1.0.3',
243 silly resolved     _npmUser: { name: 'clebert', email: 'clebert@me.com' },
243 silly resolved     maintainers: [ [Object] ],
243 silly resolved     dist:
243 silly resolved      { shasum: 'b8c74eee328a905fb155df8c90523a54461b5bd7',
243 silly resolved        tarball: 'https://registry.npmjs.org/typesystem/-/typesystem-5.0.0.tgz' },
243 silly resolved     deprecated: 'THIS PROJECT IS NO LONGER MAINTAINED by clebert',
243 silly resolved     directories: {},
243 silly resolved     _resolved: 'https://registry.npmjs.org/typesystem/-/typesystem-5.0.0.tgz',
243 silly resolved     readme: 'ERROR: No README data found!' },
243 silly resolved   { name: 'r-pi-gpio',
243 silly resolved     version: '3.0.0',
243 silly resolved     description: 'A high performance, memory mapped, Node.js API for GPIO on the Raspberry Pi.',
243 silly resolved     keywords: [ 'raspberry', 'pi', 'gpio', 'mmap' ],
243 silly resolved     author:
243 silly resolved      { name: 'Clemens Akens',
243 silly resolved        email: 'clebert@me.com',
243 silly resolved        url: 'http://clebert.com/' },
243 silly resolved     bugs: { url: 'https://github.com/clebert/r-pi-gpio/issues' },
243 silly resolved     engines: { node: '>= 0.10.0' },
243 silly resolved     inceptionYear: 2014,
243 silly resolved     license: 'MIT',
243 silly resolved     main: 'lib/gpio.js',
243 silly resolved     repository:
243 silly resolved      { type: 'git',
243 silly resolved        url: 'git+https://github.com/clebert/r-pi-gpio.git' },
243 silly resolved     config: { 'mocha-cov-reporter': [Object] },
243 silly resolved     scripts: { install: 'node-gyp configure build', test: 'grunt' },
243 silly resolved     dependencies:
243 silly resolved      { 'expressive-assertion': '~1.5.1',
243 silly resolved        nan: '~2.0.8',
243 silly resolved        typesystem: '~5.0.0' },
243 silly resolved     devDependencies:
243 silly resolved      { blanket: 'latest',
243 silly resolved        grunt: 'latest',
243 silly resolved        'grunt-bumpup': 'latest',
243 silly resolved        'grunt-cli': 'latest',
243 silly resolved        'grunt-contrib-jshint': 'latest',
243 silly resolved        'grunt-coveralls': 'latest',
243 silly resolved        'grunt-jscs': 'latest',
243 silly resolved        'grunt-mocha-test': 'latest',
243 silly resolved        'grunt-module': 'latest',
243 silly resolved        'load-grunt-tasks': 'latest',
243 silly resolved        mocha: 'latest',
243 silly resolved        'mocha-cov-reporter': 'latest',
243 silly resolved        'mocha-lcov-reporter': 'latest',
243 silly resolved        'node-mock': 'latest',
243 silly resolved        'time-grunt': 'latest' },
243 silly resolved     gitHead: '6b7ab8049efdf55e3e36caf5691e29837b80520d',
243 silly resolved     homepage: 'https://github.com/clebert/r-pi-gpio#readme',
243 silly resolved     _id: 'r-pi-gpio@3.0.0',
243 silly resolved     _shasum: 'f3e133dc582ec614b8a2ffe2007c65a2d28eea7b',
243 silly resolved     _from: 'r-pi-gpio@~3.0.0',
243 silly resolved     _npmVersion: '2.10.1',
243 silly resolved     _nodeVersion: '0.12.4',
243 silly resolved     _npmUser: { name: 'clebert', email: 'clebert@me.com' },
243 silly resolved     maintainers: [ [Object] ],
243 silly resolved     dist:
243 silly resolved      { shasum: 'f3e133dc582ec614b8a2ffe2007c65a2d28eea7b',
243 silly resolved        tarball: 'https://registry.npmjs.org/r-pi-gpio/-/r-pi-gpio-3.0.0.tgz' },
243 silly resolved     deprecated: 'THIS PROJECT IS NO LONGER MAINTAINED by clebert',
243 silly resolved     directories: {},
243 silly resolved     _resolved: 'https://registry.npmjs.org/r-pi-gpio/-/r-pi-gpio-3.0.0.tgz',
243 silly resolved     readme: 'ERROR: No README data found!' },
243 silly resolved   { name: 'expressive-assertion',
243 silly resolved     version: '1.5.1',
243 silly resolved     description: 'Expressive assertions for JavaScript.',
243 silly resolved     keywords: [ 'assert', 'test', 'bdd', 'tdd' ],
243 silly resolved     author:
243 silly resolved      { name: 'Clemens Akens',
243 silly resolved        email: 'clebert@me.com',
243 silly resolved        url: 'http://clebert.com/' },
243 silly resolved     bugs: { url: 'https://github.com/clebert/expressive-assertion/issues' },
243 silly resolved     engines: { node: '>= 0.10.0' },
243 silly resolved     inceptionYear: 2014,
243 silly resolved     licenses: [ [Object] ],
243 silly resolved     main: 'lib/assert.js',
243 silly resolved     repository:
243 silly resolved      { type: 'git',
243 silly resolved        url: 'git+https://github.com/clebert/expressive-assertion.git' },
243 silly resolved     config: { 'mocha-cov-reporter': [Object] },
243 silly resolved     scripts: { test: 'grunt' },
243 silly resolved     devDependencies:
243 silly resolved      { blanket: 'latest',
243 silly resolved        'codeclimate-test-reporter': 'latest',
243 silly resolved        grunt: 'latest',
243 silly resolved        'grunt-bumpup': 'latest',
243 silly resolved        'grunt-cli': 'latest',
243 silly resolved        'grunt-contrib-jshint': 'latest',
243 silly resolved        'grunt-jscs': 'latest',
243 silly resolved        'grunt-karma': 'latest',
243 silly resolved        'grunt-mocha-test': 'latest',
243 silly resolved        'grunt-module': 'latest',
243 silly resolved        karma: 'latest',
243 silly resolved        'karma-browserify': 'latest',
243 silly resolved        'karma-mocha': 'latest',
243 silly resolved        'karma-sauce-launcher': 'latest',
243 silly resolved        'karma-spec-reporter': 'latest',
243 silly resolved        'load-grunt-tasks': 'latest',
243 silly resolved        mocha: 'latest',
243 silly resolved        'mocha-cov-reporter': 'latest',
243 silly resolved        'mocha-lcov-reporter': 'latest',
243 silly resolved        'time-grunt': 'latest' },
243 silly resolved     gitHead: 'a13f6f7a8cffdbe3971f103556a3642b86026c83',
243 silly resolved     homepage: 'https://github.com/clebert/expressive-assertion#readme',
243 silly resolved     _id: 'expressive-assertion@1.5.1',
243 silly resolved     _shasum: '56159c95519bc30b6f1ef1a6c845546d27db1a0e',
243 silly resolved     _from: 'expressive-assertion@~1.5.1',
243 silly resolved     _npmVersion: '2.9.0',
243 silly resolved     _nodeVersion: '2.0.0',
243 silly resolved     _npmUser: { name: 'clebert', email: 'clebert@me.com' },
243 silly resolved     maintainers: [ [Object] ],
243 silly resolved     dist:
243 silly resolved      { shasum: '56159c95519bc30b6f1ef1a6c845546d27db1a0e',
243 silly resolved        tarball: 'https://registry.npmjs.org/expressive-assertion/-/expressive-assertion-1.5.1.tgz' },
243 silly resolved     deprecated: 'THIS PROJECT IS NO LONGER MAINTAINED by clebert',
243 silly resolved     directories: {},
243 silly resolved     _resolved: 'https://registry.npmjs.org/expressive-assertion/-/expressive-assertion-1.5.1.tgz',
243 silly resolved     readme: 'ERROR: No README data found!' } ]
244 info install nan@2.0.9 into /home/pi/java/TDT4140/ultrasonicsensor/node_modules/r-pi-usonic
245 info install math-statistics@1.2.0 into /home/pi/java/TDT4140/ultrasonicsensor/node_modules/r-pi-usonic
246 info install typesystem@5.0.0 into /home/pi/java/TDT4140/ultrasonicsensor/node_modules/r-pi-usonic
247 info install r-pi-gpio@3.0.0 into /home/pi/java/TDT4140/ultrasonicsensor/node_modules/r-pi-usonic
248 info install expressive-assertion@1.5.1 into /home/pi/java/TDT4140/ultrasonicsensor/node_modules/r-pi-usonic
249 info installOne nan@2.0.9
250 info installOne math-statistics@1.2.0
251 info installOne typesystem@5.0.0
252 info installOne r-pi-gpio@3.0.0
253 info installOne expressive-assertion@1.5.1
254 verbose node_modules/r-pi-usonic/node_modules/nan unbuild
255 verbose node_modules/r-pi-usonic/node_modules/math-statistics unbuild
256 verbose node_modules/r-pi-usonic/node_modules/typesystem unbuild
257 verbose node_modules/r-pi-usonic/node_modules/r-pi-gpio unbuild
258 verbose node_modules/r-pi-usonic/node_modules/expressive-assertion unbuild
259 verbose tar unpack /home/pi/.npm/nan/2.0.9/package.tgz
260 silly lockFile b29e2400-les-r-pi-usonic-node-modules-nan tar:///home/pi/java/TDT4140/ultrasonicsensor/node_modules/r-pi-usonic/node_modules/nan
261 verbose lock tar:///home/pi/java/TDT4140/ultrasonicsensor/node_modules/r-pi-usonic/node_modules/nan /home/pi/.npm/b29e2400-les-r-pi-usonic-node-modules-nan.lock
262 silly lockFile 3aa39a76-ome-pi-npm-nan-2-0-9-package-tgz tar:///home/pi/.npm/nan/2.0.9/package.tgz
263 verbose lock tar:///home/pi/.npm/nan/2.0.9/package.tgz /home/pi/.npm/3aa39a76-ome-pi-npm-nan-2-0-9-package-tgz.lock
264 verbose tar unpack /home/pi/.npm/math-statistics/1.2.0/package.tgz
265 silly lockFile 93d100a9-nic-node-modules-math-statistics tar:///home/pi/java/TDT4140/ultrasonicsensor/node_modules/r-pi-usonic/node_modules/math-statistics
266 verbose lock tar:///home/pi/java/TDT4140/ultrasonicsensor/node_modules/r-pi-usonic/node_modules/math-statistics /home/pi/.npm/93d100a9-nic-node-modules-math-statistics.lock
267 silly lockFile 5d61fc14-ath-statistics-1-2-0-package-tgz tar:///home/pi/.npm/math-statistics/1.2.0/package.tgz
268 verbose lock tar:///home/pi/.npm/math-statistics/1.2.0/package.tgz /home/pi/.npm/5d61fc14-ath-statistics-1-2-0-package-tgz.lock
269 verbose tar unpack /home/pi/.npm/typesystem/5.0.0/package.tgz
270 silly lockFile c90dce4f-i-usonic-node-modules-typesystem tar:///home/pi/java/TDT4140/ultrasonicsensor/node_modules/r-pi-usonic/node_modules/typesystem
271 verbose lock tar:///home/pi/java/TDT4140/ultrasonicsensor/node_modules/r-pi-usonic/node_modules/typesystem /home/pi/.npm/c90dce4f-i-usonic-node-modules-typesystem.lock
272 silly lockFile 5dcbc417-npm-typesystem-5-0-0-package-tgz tar:///home/pi/.npm/typesystem/5.0.0/package.tgz
273 verbose lock tar:///home/pi/.npm/typesystem/5.0.0/package.tgz /home/pi/.npm/5dcbc417-npm-typesystem-5-0-0-package-tgz.lock
274 verbose tar unpack /home/pi/.npm/r-pi-gpio/3.0.0/package.tgz
275 silly lockFile 86c812fc-pi-usonic-node-modules-r-pi-gpio tar:///home/pi/java/TDT4140/ultrasonicsensor/node_modules/r-pi-usonic/node_modules/r-pi-gpio
276 verbose lock tar:///home/pi/java/TDT4140/ultrasonicsensor/node_modules/r-pi-usonic/node_modules/r-pi-gpio /home/pi/.npm/86c812fc-pi-usonic-node-modules-r-pi-gpio.lock
277 silly lockFile 45827f26--npm-r-pi-gpio-3-0-0-package-tgz tar:///home/pi/.npm/r-pi-gpio/3.0.0/package.tgz
278 verbose lock tar:///home/pi/.npm/r-pi-gpio/3.0.0/package.tgz /home/pi/.npm/45827f26--npm-r-pi-gpio-3-0-0-package-tgz.lock
279 verbose tar unpack /home/pi/.npm/expressive-assertion/1.5.1/package.tgz
280 silly lockFile fe7707da-ode-modules-expressive-assertion tar:///home/pi/java/TDT4140/ultrasonicsensor/node_modules/r-pi-usonic/node_modules/expressive-assertion
281 verbose lock tar:///home/pi/java/TDT4140/ultrasonicsensor/node_modules/r-pi-usonic/node_modules/expressive-assertion /home/pi/.npm/fe7707da-ode-modules-expressive-assertion.lock
282 silly lockFile 21c6fd4d-sive-assertion-1-5-1-package-tgz tar:///home/pi/.npm/expressive-assertion/1.5.1/package.tgz
283 verbose lock tar:///home/pi/.npm/expressive-assertion/1.5.1/package.tgz /home/pi/.npm/21c6fd4d-sive-assertion-1-5-1-package-tgz.lock
284 silly gunzTarPerm modes [ '755', '644' ]
285 silly gunzTarPerm modes [ '755', '644' ]
286 silly gunzTarPerm modes [ '755', '644' ]
287 silly gunzTarPerm modes [ '755', '644' ]
288 silly gunzTarPerm modes [ '755', '644' ]
289 silly gunzTarPerm extractEntry package.json
290 silly gunzTarPerm modified mode [ 'package.json', 436, 420 ]
291 silly gunzTarPerm extractEntry package.json
292 silly gunzTarPerm extractEntry package.json
293 silly gunzTarPerm extractEntry package.json
294 silly gunzTarPerm extractEntry package.json
295 silly gunzTarPerm extractEntry README.md
296 silly gunzTarPerm modified mode [ 'README.md', 436, 420 ]
297 silly gunzTarPerm extractEntry include_dirs.js
298 silly gunzTarPerm modified mode [ 'include_dirs.js', 436, 420 ]
299 silly gunzTarPerm extractEntry .npmignore
300 silly gunzTarPerm extractEntry README.md
301 silly gunzTarPerm extractEntry .npmignore
302 silly gunzTarPerm extractEntry README.md
303 silly gunzTarPerm extractEntry .npmignore
304 silly gunzTarPerm extractEntry README.md
305 silly gunzTarPerm extractEntry .npmignore
306 silly gunzTarPerm extractEntry README.md
307 silly gunzTarPerm modified mode [ 'README.md', 436, 420 ]
308 silly gunzTarPerm extractEntry nan_converters.h
309 silly gunzTarPerm modified mode [ 'nan_converters.h', 436, 420 ]
310 silly gunzTarPerm extractEntry LICENSE.md
311 silly gunzTarPerm modified mode [ 'LICENSE.md', 436, 420 ]
312 silly gunzTarPerm extractEntry LICENSE
313 silly gunzTarPerm extractEntry Gruntfile.js
314 silly gunzTarPerm extractEntry LICENSE
315 silly gunzTarPerm extractEntry Gruntfile.js
316 silly gunzTarPerm extractEntry LICENSE
317 silly gunzTarPerm extractEntry Gruntfile.js
318 silly gunzTarPerm extractEntry LICENSE
319 silly gunzTarPerm extractEntry Gruntfile.js
320 silly gunzTarPerm extractEntry karma.conf.js
321 silly gunzTarPerm extractEntry .jshintrc
322 silly gunzTarPerm extractEntry .travis.yml
323 silly gunzTarPerm extractEntry .editorconfig
324 silly gunzTarPerm extractEntry lib/statistics.js
325 silly gunzTarPerm extractEntry .jscsrc
326 silly gunzTarPerm extractEntry test/package.test.js
327 silly gunzTarPerm extractEntry test/statistics.test.js
328 silly gunzTarPerm extractEntry binding.gyp
329 silly gunzTarPerm extractEntry karma.conf.js
330 silly gunzTarPerm modified mode [ 'karma.conf.js', 436, 420 ]
331 silly gunzTarPerm extractEntry .travis.yml
332 silly gunzTarPerm extractEntry .editorconfig
333 silly gunzTarPerm extractEntry .jscsrc
334 silly gunzTarPerm extractEntry lib/assert.js
335 silly gunzTarPerm extractEntry .jshintrc
336 silly gunzTarPerm extractEntry test/assert.test.js
337 silly gunzTarPerm extractEntry test/package.test.js
338 silly gunzTarPerm modified mode [ 'test/package.test.js', 436, 420 ]
339 silly gunzTarPerm extractEntry .editorconfig
340 silly gunzTarPerm extractEntry .jscsrc
341 silly gunzTarPerm extractEntry .travis.yml
342 silly gunzTarPerm extractEntry .editorconfig
343 silly gunzTarPerm extractEntry .jshintrc
344 silly gunzTarPerm extractEntry examples/onoff.js
345 silly gunzTarPerm extractEntry .jscsrc
346 silly gunzTarPerm extractEntry lib/ts.js
347 silly gunzTarPerm extractEntry lib/gpio.js
348 silly gunzTarPerm extractEntry src/gpio.cc
349 silly gunzTarPerm extractEntry .dntrc
350 silly gunzTarPerm modified mode [ '.dntrc', 436, 420 ]
351 silly gunzTarPerm extractEntry appveyor.yml
352 silly gunzTarPerm modified mode [ 'appveyor.yml', 436, 420 ]
353 silly gunzTarPerm extractEntry .jshintrc
354 silly gunzTarPerm extractEntry test/package.test.js
355 silly gunzTarPerm extractEntry src/gpio.h
356 silly gunzTarPerm extractEntry src/node_gpio.cc
357 silly gunzTarPerm extractEntry doc/new.md
358 silly gunzTarPerm modified mode [ 'doc/new.md', 436, 420 ]
359 silly gunzTarPerm extractEntry doc/.build.sh
360 silly gunzTarPerm modified mode [ 'doc/.build.sh', 509, 493 ]
361 silly gunzTarPerm extractEntry test/ts.test.js
362 silly gunzTarPerm extractEntry .travis.yml
363 silly gunzTarPerm extractEntry resources/onoff.png
364 silly gunzTarPerm extractEntry doc/buffers.md
365 silly gunzTarPerm modified mode [ 'doc/buffers.md', 436, 420 ]
366 silly gunzTarPerm extractEntry doc/callback.md
367 silly gunzTarPerm modified mode [ 'doc/callback.md', 436, 420 ]
368 silly gunzTarPerm extractEntry resources/onoff.pxm
369 silly gunzTarPerm extractEntry doc/converters.md
370 silly gunzTarPerm modified mode [ 'doc/converters.md', 436, 420 ]
371 silly gunzTarPerm extractEntry doc/errors.md
372 silly gunzTarPerm modified mode [ 'doc/errors.md', 436, 420 ]
373 silly gunzTarPerm extractEntry resources/resistors.pxm
374 silly gunzTarPerm extractEntry doc/maybe_types.md
375 silly gunzTarPerm modified mode [ 'doc/maybe_types.md', 436, 420 ]
376 silly gunzTarPerm extractEntry doc/methods.md
377 silly gunzTarPerm modified mode [ 'doc/methods.md', 436, 420 ]
378 silly gunzTarPerm extractEntry doc/asyncworker.md
379 silly gunzTarPerm modified mode [ 'doc/asyncworker.md', 436, 420 ]
380 silly gunzTarPerm extractEntry doc/node_misc.md
381 silly gunzTarPerm modified mode [ 'doc/node_misc.md', 436, 420 ]
382 silly gunzTarPerm extractEntry test/gpio.test.js
383 silly gunzTarPerm extractEntry test/package.test.js
384 silly gunzTarPerm extractEntry doc/persistent.md
385 silly gunzTarPerm modified mode [ 'doc/persistent.md', 436, 420 ]
386 silly gunzTarPerm extractEntry doc/scopes.md
387 silly gunzTarPerm modified mode [ 'doc/scopes.md', 436, 420 ]
388 silly gunzTarPerm extractEntry doc/script.md
389 silly gunzTarPerm modified mode [ 'doc/script.md', 436, 420 ]
390 silly gunzTarPerm extractEntry doc/string_bytes.md
391 silly gunzTarPerm modified mode [ 'doc/string_bytes.md', 436, 420 ]
392 silly lockFile 93d100a9-nic-node-modules-math-statistics tar:///home/pi/java/TDT4140/ultrasonicsensor/node_modules/r-pi-usonic/node_modules/math-statistics
393 silly lockFile 93d100a9-nic-node-modules-math-statistics tar:///home/pi/java/TDT4140/ultrasonicsensor/node_modules/r-pi-usonic/node_modules/math-statistics
394 silly lockFile 5d61fc14-ath-statistics-1-2-0-package-tgz tar:///home/pi/.npm/math-statistics/1.2.0/package.tgz
395 silly lockFile 5d61fc14-ath-statistics-1-2-0-package-tgz tar:///home/pi/.npm/math-statistics/1.2.0/package.tgz
396 info preinstall math-statistics@1.2.0
397 verbose readDependencies using package.json deps
398 verbose readDependencies using package.json deps
399 silly resolved []
400 verbose about to build /home/pi/java/TDT4140/ultrasonicsensor/node_modules/r-pi-usonic/node_modules/math-statistics
401 info build /home/pi/java/TDT4140/ultrasonicsensor/node_modules/r-pi-usonic/node_modules/math-statistics
402 verbose linkStuff [ false,
402 verbose linkStuff   false,
402 verbose linkStuff   false,
402 verbose linkStuff   '/home/pi/java/TDT4140/ultrasonicsensor/node_modules/r-pi-usonic/node_modules' ]
403 info linkStuff math-statistics@1.2.0
404 verbose linkBins math-statistics@1.2.0
405 verbose linkMans math-statistics@1.2.0
406 verbose rebuildBundles math-statistics@1.2.0
407 info install math-statistics@1.2.0
408 silly gunzTarPerm extractEntry doc/v8_internals.md
409 silly gunzTarPerm modified mode [ 'doc/v8_internals.md', 436, 420 ]
410 info postinstall math-statistics@1.2.0
411 silly gunzTarPerm extractEntry doc/v8_misc.md
412 silly gunzTarPerm modified mode [ 'doc/v8_misc.md', 436, 420 ]
413 silly gunzTarPerm extractEntry nan.h
414 silly gunzTarPerm modified mode [ 'nan.h', 436, 420 ]
415 silly lockFile fe7707da-ode-modules-expressive-assertion tar:///home/pi/java/TDT4140/ultrasonicsensor/node_modules/r-pi-usonic/node_modules/expressive-assertion
416 silly lockFile fe7707da-ode-modules-expressive-assertion tar:///home/pi/java/TDT4140/ultrasonicsensor/node_modules/r-pi-usonic/node_modules/expressive-assertion
417 silly lockFile 21c6fd4d-sive-assertion-1-5-1-package-tgz tar:///home/pi/.npm/expressive-assertion/1.5.1/package.tgz
418 silly lockFile 21c6fd4d-sive-assertion-1-5-1-package-tgz tar:///home/pi/.npm/expressive-assertion/1.5.1/package.tgz
419 info preinstall expressive-assertion@1.5.1
420 verbose readDependencies using package.json deps
421 silly gunzTarPerm extractEntry nan_callbacks.h
422 silly gunzTarPerm modified mode [ 'nan_callbacks.h', 436, 420 ]
423 silly gunzTarPerm extractEntry nan_callbacks_12_inl.h
424 silly gunzTarPerm modified mode [ 'nan_callbacks_12_inl.h', 436, 420 ]
425 verbose readDependencies using package.json deps
426 silly resolved []
427 verbose about to build /home/pi/java/TDT4140/ultrasonicsensor/node_modules/r-pi-usonic/node_modules/expressive-assertion
428 info build /home/pi/java/TDT4140/ultrasonicsensor/node_modules/r-pi-usonic/node_modules/expressive-assertion
429 verbose linkStuff [ false,
429 verbose linkStuff   false,
429 verbose linkStuff   false,
429 verbose linkStuff   '/home/pi/java/TDT4140/ultrasonicsensor/node_modules/r-pi-usonic/node_modules' ]
430 info linkStuff expressive-assertion@1.5.1
431 verbose linkBins expressive-assertion@1.5.1
432 verbose linkMans expressive-assertion@1.5.1
433 verbose rebuildBundles expressive-assertion@1.5.1
434 info install expressive-assertion@1.5.1
435 info postinstall expressive-assertion@1.5.1
436 silly lockFile c90dce4f-i-usonic-node-modules-typesystem tar:///home/pi/java/TDT4140/ultrasonicsensor/node_modules/r-pi-usonic/node_modules/typesystem
437 silly lockFile c90dce4f-i-usonic-node-modules-typesystem tar:///home/pi/java/TDT4140/ultrasonicsensor/node_modules/r-pi-usonic/node_modules/typesystem
438 silly lockFile 5dcbc417-npm-typesystem-5-0-0-package-tgz tar:///home/pi/.npm/typesystem/5.0.0/package.tgz
439 silly lockFile 5dcbc417-npm-typesystem-5-0-0-package-tgz tar:///home/pi/.npm/typesystem/5.0.0/package.tgz
440 info preinstall typesystem@5.0.0
441 verbose readDependencies using package.json deps
442 verbose readDependencies using package.json deps
443 silly resolved []
444 verbose about to build /home/pi/java/TDT4140/ultrasonicsensor/node_modules/r-pi-usonic/node_modules/typesystem
445 info build /home/pi/java/TDT4140/ultrasonicsensor/node_modules/r-pi-usonic/node_modules/typesystem
446 verbose linkStuff [ false,
446 verbose linkStuff   false,
446 verbose linkStuff   false,
446 verbose linkStuff   '/home/pi/java/TDT4140/ultrasonicsensor/node_modules/r-pi-usonic/node_modules' ]
447 info linkStuff typesystem@5.0.0
448 verbose linkBins typesystem@5.0.0
449 verbose linkMans typesystem@5.0.0
450 verbose rebuildBundles typesystem@5.0.0
451 info install typesystem@5.0.0
452 info postinstall typesystem@5.0.0
453 silly gunzTarPerm extractEntry nan_callbacks_pre_12_inl.h
454 silly gunzTarPerm modified mode [ 'nan_callbacks_pre_12_inl.h', 436, 420 ]
455 silly gunzTarPerm extractEntry nan_converters_43_inl.h
456 silly gunzTarPerm modified mode [ 'nan_converters_43_inl.h', 436, 420 ]
457 silly gunzTarPerm extractEntry nan_converters_pre_43_inl.h
458 silly gunzTarPerm modified mode [ 'nan_converters_pre_43_inl.h', 436, 420 ]
459 silly gunzTarPerm extractEntry nan_implementation_12_inl.h
460 silly gunzTarPerm modified mode [ 'nan_implementation_12_inl.h', 436, 420 ]
461 silly gunzTarPerm extractEntry nan_implementation_pre_12_inl.h
462 silly gunzTarPerm modified mode [ 'nan_implementation_pre_12_inl.h', 436, 420 ]
463 silly gunzTarPerm extractEntry nan_maybe_43_inl.h
464 silly gunzTarPerm modified mode [ 'nan_maybe_43_inl.h', 436, 420 ]
465 silly gunzTarPerm extractEntry nan_maybe_pre_43_inl.h
466 silly gunzTarPerm modified mode [ 'nan_maybe_pre_43_inl.h', 436, 420 ]
467 silly gunzTarPerm extractEntry nan_new.h
468 silly gunzTarPerm modified mode [ 'nan_new.h', 436, 420 ]
469 silly gunzTarPerm extractEntry nan_object_wrap.h
470 silly gunzTarPerm modified mode [ 'nan_object_wrap.h', 436, 420 ]
471 silly gunzTarPerm extractEntry nan_persistent_12_inl.h
472 silly gunzTarPerm modified mode [ 'nan_persistent_12_inl.h', 436, 420 ]
473 silly gunzTarPerm extractEntry nan_persistent_pre_12_inl.h
474 silly gunzTarPerm modified mode [ 'nan_persistent_pre_12_inl.h', 436, 420 ]
475 silly gunzTarPerm extractEntry nan_string_bytes.h
476 silly gunzTarPerm modified mode [ 'nan_string_bytes.h', 436, 420 ]
477 silly gunzTarPerm extractEntry nan_weak.h
478 silly gunzTarPerm modified mode [ 'nan_weak.h', 436, 420 ]
479 silly gunzTarPerm extractEntry CHANGELOG.md
480 silly gunzTarPerm modified mode [ 'CHANGELOG.md', 436, 420 ]
481 silly gunzTarPerm extractEntry tools/package.json
482 silly gunzTarPerm modified mode [ 'tools/package.json', 436, 420 ]
483 silly gunzTarPerm extractEntry tools/README.md
484 silly gunzTarPerm modified mode [ 'tools/README.md', 436, 420 ]
485 silly gunzTarPerm extractEntry tools/1to2.js
486 silly gunzTarPerm modified mode [ 'tools/1to2.js', 509, 493 ]
487 silly lockFile b29e2400-les-r-pi-usonic-node-modules-nan tar:///home/pi/java/TDT4140/ultrasonicsensor/node_modules/r-pi-usonic/node_modules/nan
488 silly lockFile b29e2400-les-r-pi-usonic-node-modules-nan tar:///home/pi/java/TDT4140/ultrasonicsensor/node_modules/r-pi-usonic/node_modules/nan
489 silly lockFile 3aa39a76-ome-pi-npm-nan-2-0-9-package-tgz tar:///home/pi/.npm/nan/2.0.9/package.tgz
490 silly lockFile 3aa39a76-ome-pi-npm-nan-2-0-9-package-tgz tar:///home/pi/.npm/nan/2.0.9/package.tgz
491 info preinstall nan@2.0.9
492 verbose readDependencies using package.json deps
493 verbose readDependencies using package.json deps
494 silly resolved []
495 verbose about to build /home/pi/java/TDT4140/ultrasonicsensor/node_modules/r-pi-usonic/node_modules/nan
496 info build /home/pi/java/TDT4140/ultrasonicsensor/node_modules/r-pi-usonic/node_modules/nan
497 verbose linkStuff [ false,
497 verbose linkStuff   false,
497 verbose linkStuff   false,
497 verbose linkStuff   '/home/pi/java/TDT4140/ultrasonicsensor/node_modules/r-pi-usonic/node_modules' ]
498 info linkStuff nan@2.0.9
499 verbose linkBins nan@2.0.9
500 verbose linkMans nan@2.0.9
501 verbose rebuildBundles nan@2.0.9
502 info install nan@2.0.9
503 info postinstall nan@2.0.9
504 silly lockFile 86c812fc-pi-usonic-node-modules-r-pi-gpio tar:///home/pi/java/TDT4140/ultrasonicsensor/node_modules/r-pi-usonic/node_modules/r-pi-gpio
505 silly lockFile 86c812fc-pi-usonic-node-modules-r-pi-gpio tar:///home/pi/java/TDT4140/ultrasonicsensor/node_modules/r-pi-usonic/node_modules/r-pi-gpio
506 silly lockFile 45827f26--npm-r-pi-gpio-3-0-0-package-tgz tar:///home/pi/.npm/r-pi-gpio/3.0.0/package.tgz
507 silly lockFile 45827f26--npm-r-pi-gpio-3-0-0-package-tgz tar:///home/pi/.npm/r-pi-gpio/3.0.0/package.tgz
508 info preinstall r-pi-gpio@3.0.0
509 verbose readDependencies using package.json deps
510 verbose readDependencies using package.json deps
511 silly resolved []
512 verbose about to build /home/pi/java/TDT4140/ultrasonicsensor/node_modules/r-pi-usonic/node_modules/r-pi-gpio
513 info build /home/pi/java/TDT4140/ultrasonicsensor/node_modules/r-pi-usonic/node_modules/r-pi-gpio
514 verbose linkStuff [ false,
514 verbose linkStuff   false,
514 verbose linkStuff   false,
514 verbose linkStuff   '/home/pi/java/TDT4140/ultrasonicsensor/node_modules/r-pi-usonic/node_modules' ]
515 info linkStuff r-pi-gpio@3.0.0
516 verbose linkBins r-pi-gpio@3.0.0
517 verbose linkMans r-pi-gpio@3.0.0
518 verbose rebuildBundles r-pi-gpio@3.0.0
519 info install r-pi-gpio@3.0.0
520 verbose unsafe-perm in lifecycle true
521 info r-pi-gpio@3.0.0 Failed to exec install script
522 verbose node_modules/r-pi-usonic/node_modules/r-pi-gpio unbuild
523 warn This failure might be due to the use of legacy binary "node"
524 warn For further explanations, please read
/usr/share/doc/nodejs/README.Debian
525 info preuninstall r-pi-gpio@3.0.0
526 info uninstall r-pi-gpio@3.0.0
527 verbose false,/home/pi/java/TDT4140/ultrasonicsensor/node_modules,/home/pi/java/TDT4140/ultrasonicsensor/node_modules/r-pi-usonic/node_modules unbuild r-pi-gpio@3.0.0
528 info postuninstall r-pi-gpio@3.0.0
529 verbose about to build /home/pi/java/TDT4140/ultrasonicsensor/node_modules/r-pi-usonic
530 verbose node_modules/r-pi-usonic unbuild
531 info preuninstall r-pi-usonic@2.5.0
532 info uninstall r-pi-usonic@2.5.0
533 verbose true,/home/pi/java/TDT4140/ultrasonicsensor/node_modules,/home/pi/java/TDT4140/ultrasonicsensor/node_modules unbuild r-pi-usonic@2.5.0
534 info postuninstall r-pi-usonic@2.5.0
535 error r-pi-gpio@3.0.0 install: `node-gyp configure build`
535 error Exit status 1
536 error Failed at the r-pi-gpio@3.0.0 install script.
536 error This is most likely a problem with the r-pi-gpio package,
536 error not with npm itself.
536 error Tell the author that this fails on your system:
536 error     node-gyp configure build
536 error You can get their info via:
536 error     npm owner ls r-pi-gpio
536 error There is likely additional logging output above.
537 error System Linux 4.1.18-v7+
538 error command "/usr/bin/nodejs" "/usr/bin/npm" "install" "r-pi-usonic" "--save"
539 error cwd /home/pi/java/TDT4140/ultrasonicsensor
540 error node -v v0.10.29
541 error npm -v 1.4.21
542 error code ELIFECYCLE
543 verbose exit [ 1, true ]
